<?xml version="1.0" encoding="UTF-8"?>
<testsuite xmlns:xsi="http://www.w3.org/2001/XMLSchema-instance" xsi:noNamespaceSchemaLocation="https://maven.apache.org/surefire/maven-surefire-plugin/xsd/surefire-test-report-3.0.xsd" version="3.0" name="com.example.order.service.OrderServiceUnitTest" time="0.54" tests="26" errors="26" skipped="0" failures="0">
  <properties>
[...]
</properties>
  <testcase name="shouldHandleMeterRegistryFailureDuringSagaStep" classname="com.example.order.service.OrderServiceUnitTest" time="0.319">
    <error message="Cannot invoke &quot;org.reactivestreams.Publisher.subscribe(org.reactivestreams.Subscriber)&quot; because &quot;publisher&quot; is null" type="java.lang.NullPointerException"><![CDATA[java.lang.NullPointerException: Cannot invoke "org.reactivestreams.Publisher.subscribe(org.reactivestreams.Subscriber)" because "publisher" is null
	at reactor.test.DefaultStepVerifierBuilder$DefaultStepVerifier.toVerifierAndSubscribe(DefaultStepVerifierBuilder.java:891)
	at reactor.test.DefaultStepVerifierBuilder$DefaultStepVerifier.verify(DefaultStepVerifierBuilder.java:831)
	at reactor.test.DefaultStepVerifierBuilder$DefaultStepVerifier.verify(DefaultStepVerifierBuilder.java:823)
	at reactor.test.DefaultStepVerifierBuilder.verifyComplete(DefaultStepVerifierBuilder.java:690)
	at com.example.order.service.OrderServiceUnitTest.shouldHandleMeterRegistryFailureDuringSagaStep(OrderServiceUnitTest.java:533)
	at java.base/java.lang.reflect.Method.invoke(Method.java:580)
	at java.base/java.util.ArrayList.forEach(ArrayList.java:1596)
	at java.base/java.util.ArrayList.forEach(ArrayList.java:1596)
]]></error>
    <system-out><![CDATA[14:52:27.502 [main] INFO  c.e.order.service.OrderServiceImpl - Delegating execution of step reserveStock to SagaOrchestrator
]]></system-out>
  </testcase>
  <testcase name="shouldHandleCircuitBreakerHalfOpen" classname="com.example.order.service.OrderServiceUnitTest" time="0.011">
    <error message="&#10;Strict stubbing argument mismatch. Please check:&#10; - this invocation of &apos;executeOrderSaga&apos; method:&#10;    sagaOrchestrator.executeOrderSaga(&#10;    1L,&#10;    10,&#10;    100.0d,&#10;    &quot;deb8d39a-8000-4b64-bf4c-ea75c8ad97aa&quot;&#10;);&#10;    -&gt; at com.example.order.service.OrderServiceImpl.processOrder(OrderServiceImpl.java:42)&#10; - has following stubbing(s) with different arguments:&#10;    1. sagaOrchestrator.executeOrderSaga(&#10;    1L,&#10;    10,&#10;    100.0d,&#10;    &quot;f8b34947-815d-43b4-ab98-e85d1aa98269&quot;&#10;);&#10;      -&gt; at com.example.order.service.OrderServiceUnitTest.shouldHandleCircuitBreakerHalfOpen(OrderServiceUnitTest.java:298)&#10;Typically, stubbing argument mismatch indicates user mistake when writing tests.&#10;Mockito fails early so that you can debug potential problem easily.&#10;However, there are legit scenarios when this exception generates false negative signal:&#10;  - stubbing the same method multiple times using &apos;given().will()&apos; or &apos;when().then()&apos; API&#10;    Please use &apos;will().given()&apos; or &apos;doReturn().when()&apos; API for stubbing.&#10;  - stubbed method is intentionally invoked with different arguments by code under test&#10;    Please use default or &apos;silent&apos; JUnit Rule (equivalent of Strictness.LENIENT).&#10;For more information see javadoc for PotentialStubbingProblem class." type="org.mockito.exceptions.misusing.PotentialStubbingProblem"><![CDATA[org.mockito.exceptions.misusing.PotentialStubbingProblem: 

Strict stubbing argument mismatch. Please check:
 - this invocation of 'executeOrderSaga' method:
    sagaOrchestrator.executeOrderSaga(
    1L,
    10,
    100.0d,
    "deb8d39a-8000-4b64-bf4c-ea75c8ad97aa"
);
    -> at com.example.order.service.OrderServiceImpl.processOrder(OrderServiceImpl.java:42)
 - has following stubbing(s) with different arguments:
    1. sagaOrchestrator.executeOrderSaga(
    1L,
    10,
    100.0d,
    "f8b34947-815d-43b4-ab98-e85d1aa98269"
);
      -> at com.example.order.service.OrderServiceUnitTest.shouldHandleCircuitBreakerHalfOpen(OrderServiceUnitTest.java:298)
Typically, stubbing argument mismatch indicates user mistake when writing tests.
Mockito fails early so that you can debug potential problem easily.
However, there are legit scenarios when this exception generates false negative signal:
  - stubbing the same method multiple times using 'given().will()' or 'when().then()' API
    Please use 'will().given()' or 'doReturn().when()' API for stubbing.
  - stubbed method is intentionally invoked with different arguments by code under test
    Please use default or 'silent' JUnit Rule (equivalent of Strictness.LENIENT).
For more information see javadoc for PotentialStubbingProblem class.
	at com.example.order.service.SagaOrchestrator.executeOrderSaga(SagaOrchestrator.java:35)
	at com.example.order.service.OrderServiceImpl.processOrder(OrderServiceImpl.java:42)
	at com.example.order.service.OrderServiceUnitTest.shouldHandleCircuitBreakerHalfOpen(OrderServiceUnitTest.java:300)
	at java.base/java.lang.reflect.Method.invoke(Method.java:580)
	at java.base/java.util.ArrayList.forEach(ArrayList.java:1596)
	at java.base/java.util.ArrayList.forEach(ArrayList.java:1596)
]]></error>
    <system-out><![CDATA[14:52:27.511 [main] INFO  c.e.order.service.OrderServiceImpl - Starting order 1 with correlationId deb8d39a-8000-4b64-bf4c-ea75c8ad97aa
]]></system-out>
  </testcase>
  <testcase name="shouldHandleDatabaseFailureDuringOrderCreation" classname="com.example.order.service.OrderServiceUnitTest" time="0.008">
    <error message="Cannot invoke &quot;org.reactivestreams.Publisher.subscribe(org.reactivestreams.Subscriber)&quot; because &quot;publisher&quot; is null" type="java.lang.NullPointerException"><![CDATA[java.lang.NullPointerException: Cannot invoke "org.reactivestreams.Publisher.subscribe(org.reactivestreams.Subscriber)" because "publisher" is null
	at reactor.test.DefaultStepVerifierBuilder$DefaultStepVerifier.toVerifierAndSubscribe(DefaultStepVerifierBuilder.java:891)
	at reactor.test.DefaultStepVerifierBuilder$DefaultStepVerifier.verify(DefaultStepVerifierBuilder.java:831)
	at reactor.test.DefaultStepVerifierBuilder$DefaultStepVerifier.verify(DefaultStepVerifierBuilder.java:823)
	at reactor.test.DefaultStepVerifierBuilder.verifyComplete(DefaultStepVerifierBuilder.java:690)
	at com.example.order.service.OrderServiceUnitTest.shouldHandleDatabaseFailureDuringOrderCreation(OrderServiceUnitTest.java:428)
	at java.base/java.lang.reflect.Method.invoke(Method.java:580)
	at java.base/java.util.ArrayList.forEach(ArrayList.java:1596)
	at java.base/java.util.ArrayList.forEach(ArrayList.java:1596)
]]></error>
    <system-out><![CDATA[14:52:27.523 [main] INFO  c.e.order.service.OrderServiceImpl - Creating order 1 with correlationId test-correlation-id
]]></system-out>
  </testcase>
  <testcase name="shouldHandleMeterRegistryFailureDuringOrderCreation" classname="com.example.order.service.OrderServiceUnitTest" time="0.008">
    <error message="Cannot invoke &quot;org.reactivestreams.Publisher.subscribe(org.reactivestreams.Subscriber)&quot; because &quot;publisher&quot; is null" type="java.lang.NullPointerException"><![CDATA[java.lang.NullPointerException: Cannot invoke "org.reactivestreams.Publisher.subscribe(org.reactivestreams.Subscriber)" because "publisher" is null
	at reactor.test.DefaultStepVerifierBuilder$DefaultStepVerifier.toVerifierAndSubscribe(DefaultStepVerifierBuilder.java:891)
	at reactor.test.DefaultStepVerifierBuilder$DefaultStepVerifier.verify(DefaultStepVerifierBuilder.java:831)
	at reactor.test.DefaultStepVerifierBuilder$DefaultStepVerifier.verify(DefaultStepVerifierBuilder.java:823)
	at reactor.test.DefaultStepVerifierBuilder.verifyComplete(DefaultStepVerifierBuilder.java:690)
	at com.example.order.service.OrderServiceUnitTest.shouldHandleMeterRegistryFailureDuringOrderCreation(OrderServiceUnitTest.java:622)
	at java.base/java.lang.reflect.Method.invoke(Method.java:580)
	at java.base/java.util.ArrayList.forEach(ArrayList.java:1596)
	at java.base/java.util.ArrayList.forEach(ArrayList.java:1596)
]]></error>
    <system-out><![CDATA[14:52:27.532 [main] INFO  c.e.order.service.OrderServiceImpl - Creating order 1 with correlationId test-correlation-id
]]></system-out>
  </testcase>
  <testcase name="shouldUpdateMetricsDuringOrderProcessing" classname="com.example.order.service.OrderServiceUnitTest" time="0.008">
    <error message="&#10;Strict stubbing argument mismatch. Please check:&#10; - this invocation of &apos;executeOrderSaga&apos; method:&#10;    sagaOrchestrator.executeOrderSaga(&#10;    1L,&#10;    10,&#10;    100.0d,&#10;    &quot;f36929b9-f123-4f71-b2f5-cddb67f34f21&quot;&#10;);&#10;    -&gt; at com.example.order.service.OrderServiceImpl.processOrder(OrderServiceImpl.java:42)&#10; - has following stubbing(s) with different arguments:&#10;    1. sagaOrchestrator.executeOrderSaga(&#10;    1L,&#10;    10,&#10;    100.0d,&#10;    &quot;b0d377ba-477b-423b-acd8-89f5254a6997&quot;&#10;);&#10;      -&gt; at com.example.order.service.OrderServiceUnitTest.shouldUpdateMetricsDuringOrderProcessing(OrderServiceUnitTest.java:249)&#10;Typically, stubbing argument mismatch indicates user mistake when writing tests.&#10;Mockito fails early so that you can debug potential problem easily.&#10;However, there are legit scenarios when this exception generates false negative signal:&#10;  - stubbing the same method multiple times using &apos;given().will()&apos; or &apos;when().then()&apos; API&#10;    Please use &apos;will().given()&apos; or &apos;doReturn().when()&apos; API for stubbing.&#10;  - stubbed method is intentionally invoked with different arguments by code under test&#10;    Please use default or &apos;silent&apos; JUnit Rule (equivalent of Strictness.LENIENT).&#10;For more information see javadoc for PotentialStubbingProblem class." type="org.mockito.exceptions.misusing.PotentialStubbingProblem"><![CDATA[org.mockito.exceptions.misusing.PotentialStubbingProblem: 

Strict stubbing argument mismatch. Please check:
 - this invocation of 'executeOrderSaga' method:
    sagaOrchestrator.executeOrderSaga(
    1L,
    10,
    100.0d,
    "f36929b9-f123-4f71-b2f5-cddb67f34f21"
);
    -> at com.example.order.service.OrderServiceImpl.processOrder(OrderServiceImpl.java:42)
 - has following stubbing(s) with different arguments:
    1. sagaOrchestrator.executeOrderSaga(
    1L,
    10,
    100.0d,
    "b0d377ba-477b-423b-acd8-89f5254a6997"
);
      -> at com.example.order.service.OrderServiceUnitTest.shouldUpdateMetricsDuringOrderProcessing(OrderServiceUnitTest.java:249)
Typically, stubbing argument mismatch indicates user mistake when writing tests.
Mockito fails early so that you can debug potential problem easily.
However, there are legit scenarios when this exception generates false negative signal:
  - stubbing the same method multiple times using 'given().will()' or 'when().then()' API
    Please use 'will().given()' or 'doReturn().when()' API for stubbing.
  - stubbed method is intentionally invoked with different arguments by code under test
    Please use default or 'silent' JUnit Rule (equivalent of Strictness.LENIENT).
For more information see javadoc for PotentialStubbingProblem class.
	at com.example.order.service.SagaOrchestrator.executeOrderSaga(SagaOrchestrator.java:35)
	at com.example.order.service.OrderServiceImpl.processOrder(OrderServiceImpl.java:42)
	at com.example.order.service.OrderServiceUnitTest.shouldUpdateMetricsDuringOrderProcessing(OrderServiceUnitTest.java:251)
	at java.base/java.lang.reflect.Method.invoke(Method.java:580)
	at java.base/java.util.ArrayList.forEach(ArrayList.java:1596)
	at java.base/java.util.ArrayList.forEach(ArrayList.java:1596)
]]></error>
    <system-out><![CDATA[14:52:27.540 [main] INFO  c.e.order.service.OrderServiceImpl - Starting order 1 with correlationId f36929b9-f123-4f71-b2f5-cddb67f34f21
]]></system-out>
  </testcase>
  <testcase name="shouldFailToCreateOrderWithInvalidCorrelationId(String)[1]" classname="com.example.order.service.OrderServiceUnitTest" time="0.013">
    <error message="Cannot invoke &quot;org.reactivestreams.Publisher.subscribe(org.reactivestreams.Subscriber)&quot; because &quot;publisher&quot; is null" type="java.lang.NullPointerException"><![CDATA[java.lang.NullPointerException: Cannot invoke "org.reactivestreams.Publisher.subscribe(org.reactivestreams.Subscriber)" because "publisher" is null
	at reactor.test.DefaultStepVerifierBuilder$DefaultStepVerifier.toVerifierAndSubscribe(DefaultStepVerifierBuilder.java:891)
	at reactor.test.DefaultStepVerifierBuilder$DefaultStepVerifier.verify(DefaultStepVerifierBuilder.java:831)
	at reactor.test.DefaultStepVerifierBuilder$DefaultStepVerifier.verify(DefaultStepVerifierBuilder.java:823)
	at com.example.order.service.OrderServiceUnitTest.shouldFailToCreateOrderWithInvalidCorrelationId(OrderServiceUnitTest.java:450)
	at java.base/java.lang.reflect.Method.invoke(Method.java:580)
	at java.base/java.util.stream.ForEachOps$ForEachOp$OfRef.accept(ForEachOps.java:184)
	at java.base/java.util.stream.ReferencePipeline$3$1.accept(ReferencePipeline.java:197)
	at java.base/java.util.stream.ReferencePipeline$2$1.accept(ReferencePipeline.java:179)
	at java.base/java.util.stream.ReferencePipeline$3$1.accept(ReferencePipeline.java:197)
	at java.base/java.util.stream.ForEachOps$ForEachOp$OfRef.accept(ForEachOps.java:184)
	at java.base/java.util.stream.ReferencePipeline$3$1.accept(ReferencePipeline.java:197)
	at java.base/java.util.stream.ForEachOps$ForEachOp$OfRef.accept(ForEachOps.java:184)
	at java.base/java.util.stream.ForEachOps$ForEachOp$OfRef.accept(ForEachOps.java:184)
	at java.base/java.util.stream.ReferencePipeline$3$1.accept(ReferencePipeline.java:197)
	at java.base/java.util.Spliterators$ArraySpliterator.forEachRemaining(Spliterators.java:1024)
	at java.base/java.util.stream.AbstractPipeline.copyInto(AbstractPipeline.java:509)
	at java.base/java.util.stream.AbstractPipeline.wrapAndCopyInto(AbstractPipeline.java:499)
	at java.base/java.util.stream.ForEachOps$ForEachOp.evaluateSequential(ForEachOps.java:151)
	at java.base/java.util.stream.ForEachOps$ForEachOp$OfRef.evaluateSequential(ForEachOps.java:174)
	at java.base/java.util.stream.AbstractPipeline.evaluate(AbstractPipeline.java:234)
	at java.base/java.util.stream.ReferencePipeline.forEach(ReferencePipeline.java:596)
	at java.base/java.util.stream.ReferencePipeline$7$1.accept(ReferencePipeline.java:276)
	at java.base/java.util.ArrayList$ArrayListSpliterator.forEachRemaining(ArrayList.java:1708)
	at java.base/java.util.stream.AbstractPipeline.copyInto(AbstractPipeline.java:509)
	at java.base/java.util.stream.AbstractPipeline.wrapAndCopyInto(AbstractPipeline.java:499)
	at java.base/java.util.stream.ForEachOps$ForEachOp.evaluateSequential(ForEachOps.java:151)
	at java.base/java.util.stream.ForEachOps$ForEachOp$OfRef.evaluateSequential(ForEachOps.java:174)
	at java.base/java.util.stream.AbstractPipeline.evaluate(AbstractPipeline.java:234)
	at java.base/java.util.stream.ReferencePipeline.forEach(ReferencePipeline.java:596)
	at java.base/java.util.stream.ReferencePipeline$7$1.accept(ReferencePipeline.java:276)
	at java.base/java.util.stream.ReferencePipeline$3$1.accept(ReferencePipeline.java:197)
	at java.base/java.util.stream.ReferencePipeline$3$1.accept(ReferencePipeline.java:197)
	at java.base/java.util.stream.ReferencePipeline$3$1.accept(ReferencePipeline.java:197)
	at java.base/java.util.ArrayList$ArrayListSpliterator.forEachRemaining(ArrayList.java:1708)
	at java.base/java.util.stream.AbstractPipeline.copyInto(AbstractPipeline.java:509)
	at java.base/java.util.stream.AbstractPipeline.wrapAndCopyInto(AbstractPipeline.java:499)
	at java.base/java.util.stream.ForEachOps$ForEachOp.evaluateSequential(ForEachOps.java:151)
	at java.base/java.util.stream.ForEachOps$ForEachOp$OfRef.evaluateSequential(ForEachOps.java:174)
	at java.base/java.util.stream.AbstractPipeline.evaluate(AbstractPipeline.java:234)
	at java.base/java.util.stream.ReferencePipeline.forEach(ReferencePipeline.java:596)
	at java.base/java.util.stream.ReferencePipeline$7$1.accept(ReferencePipeline.java:276)
	at java.base/java.util.ArrayList$ArrayListSpliterator.forEachRemaining(ArrayList.java:1708)
	at java.base/java.util.stream.AbstractPipeline.copyInto(AbstractPipeline.java:509)
	at java.base/java.util.stream.AbstractPipeline.wrapAndCopyInto(AbstractPipeline.java:499)
	at java.base/java.util.stream.ForEachOps$ForEachOp.evaluateSequential(ForEachOps.java:151)
	at java.base/java.util.stream.ForEachOps$ForEachOp$OfRef.evaluateSequential(ForEachOps.java:174)
	at java.base/java.util.stream.AbstractPipeline.evaluate(AbstractPipeline.java:234)
	at java.base/java.util.stream.ReferencePipeline.forEach(ReferencePipeline.java:596)
	at java.base/java.util.ArrayList.forEach(ArrayList.java:1596)
	at java.base/java.util.ArrayList.forEach(ArrayList.java:1596)
]]></error>
    <system-out><![CDATA[14:52:27.574 [main] INFO  c.e.order.service.OrderServiceImpl - Creating order 1 with correlationId 
]]></system-out>
  </testcase>
  <testcase name="shouldFailToCreateOrderWithInvalidCorrelationId(String)[2]" classname="com.example.order.service.OrderServiceUnitTest" time="0.007">
    <error message="Cannot invoke &quot;org.reactivestreams.Publisher.subscribe(org.reactivestreams.Subscriber)&quot; because &quot;publisher&quot; is null" type="java.lang.NullPointerException"><![CDATA[java.lang.NullPointerException: Cannot invoke "org.reactivestreams.Publisher.subscribe(org.reactivestreams.Subscriber)" because "publisher" is null
	at reactor.test.DefaultStepVerifierBuilder$DefaultStepVerifier.toVerifierAndSubscribe(DefaultStepVerifierBuilder.java:891)
	at reactor.test.DefaultStepVerifierBuilder$DefaultStepVerifier.verify(DefaultStepVerifierBuilder.java:831)
	at reactor.test.DefaultStepVerifierBuilder$DefaultStepVerifier.verify(DefaultStepVerifierBuilder.java:823)
	at com.example.order.service.OrderServiceUnitTest.shouldFailToCreateOrderWithInvalidCorrelationId(OrderServiceUnitTest.java:450)
	at java.base/java.lang.reflect.Method.invoke(Method.java:580)
	at java.base/java.util.stream.ForEachOps$ForEachOp$OfRef.accept(ForEachOps.java:184)
	at java.base/java.util.stream.ReferencePipeline$3$1.accept(ReferencePipeline.java:197)
	at java.base/java.util.stream.ReferencePipeline$2$1.accept(ReferencePipeline.java:179)
	at java.base/java.util.stream.ReferencePipeline$3$1.accept(ReferencePipeline.java:197)
	at java.base/java.util.stream.ForEachOps$ForEachOp$OfRef.accept(ForEachOps.java:184)
	at java.base/java.util.stream.ReferencePipeline$3$1.accept(ReferencePipeline.java:197)
	at java.base/java.util.stream.ForEachOps$ForEachOp$OfRef.accept(ForEachOps.java:184)
	at java.base/java.util.stream.ForEachOps$ForEachOp$OfRef.accept(ForEachOps.java:184)
	at java.base/java.util.stream.ReferencePipeline$3$1.accept(ReferencePipeline.java:197)
	at java.base/java.util.Spliterators$ArraySpliterator.forEachRemaining(Spliterators.java:1024)
	at java.base/java.util.stream.AbstractPipeline.copyInto(AbstractPipeline.java:509)
	at java.base/java.util.stream.AbstractPipeline.wrapAndCopyInto(AbstractPipeline.java:499)
	at java.base/java.util.stream.ForEachOps$ForEachOp.evaluateSequential(ForEachOps.java:151)
	at java.base/java.util.stream.ForEachOps$ForEachOp$OfRef.evaluateSequential(ForEachOps.java:174)
	at java.base/java.util.stream.AbstractPipeline.evaluate(AbstractPipeline.java:234)
	at java.base/java.util.stream.ReferencePipeline.forEach(ReferencePipeline.java:596)
	at java.base/java.util.stream.ReferencePipeline$7$1.accept(ReferencePipeline.java:276)
	at java.base/java.util.ArrayList$ArrayListSpliterator.forEachRemaining(ArrayList.java:1708)
	at java.base/java.util.stream.AbstractPipeline.copyInto(AbstractPipeline.java:509)
	at java.base/java.util.stream.AbstractPipeline.wrapAndCopyInto(AbstractPipeline.java:499)
	at java.base/java.util.stream.ForEachOps$ForEachOp.evaluateSequential(ForEachOps.java:151)
	at java.base/java.util.stream.ForEachOps$ForEachOp$OfRef.evaluateSequential(ForEachOps.java:174)
	at java.base/java.util.stream.AbstractPipeline.evaluate(AbstractPipeline.java:234)
	at java.base/java.util.stream.ReferencePipeline.forEach(ReferencePipeline.java:596)
	at java.base/java.util.stream.ReferencePipeline$7$1.accept(ReferencePipeline.java:276)
	at java.base/java.util.stream.ReferencePipeline$3$1.accept(ReferencePipeline.java:197)
	at java.base/java.util.stream.ReferencePipeline$3$1.accept(ReferencePipeline.java:197)
	at java.base/java.util.stream.ReferencePipeline$3$1.accept(ReferencePipeline.java:197)
	at java.base/java.util.ArrayList$ArrayListSpliterator.forEachRemaining(ArrayList.java:1708)
	at java.base/java.util.stream.AbstractPipeline.copyInto(AbstractPipeline.java:509)
	at java.base/java.util.stream.AbstractPipeline.wrapAndCopyInto(AbstractPipeline.java:499)
	at java.base/java.util.stream.ForEachOps$ForEachOp.evaluateSequential(ForEachOps.java:151)
	at java.base/java.util.stream.ForEachOps$ForEachOp$OfRef.evaluateSequential(ForEachOps.java:174)
	at java.base/java.util.stream.AbstractPipeline.evaluate(AbstractPipeline.java:234)
	at java.base/java.util.stream.ReferencePipeline.forEach(ReferencePipeline.java:596)
	at java.base/java.util.stream.ReferencePipeline$7$1.accept(ReferencePipeline.java:276)
	at java.base/java.util.ArrayList$ArrayListSpliterator.forEachRemaining(ArrayList.java:1708)
	at java.base/java.util.stream.AbstractPipeline.copyInto(AbstractPipeline.java:509)
	at java.base/java.util.stream.AbstractPipeline.wrapAndCopyInto(AbstractPipeline.java:499)
	at java.base/java.util.stream.ForEachOps$ForEachOp.evaluateSequential(ForEachOps.java:151)
	at java.base/java.util.stream.ForEachOps$ForEachOp$OfRef.evaluateSequential(ForEachOps.java:174)
	at java.base/java.util.stream.AbstractPipeline.evaluate(AbstractPipeline.java:234)
	at java.base/java.util.stream.ReferencePipeline.forEach(ReferencePipeline.java:596)
	at java.base/java.util.ArrayList.forEach(ArrayList.java:1596)
	at java.base/java.util.ArrayList.forEach(ArrayList.java:1596)
]]></error>
    <system-out><![CDATA[14:52:27.584 [main] INFO  c.e.order.service.OrderServiceImpl - Creating order 1 with correlationId  
]]></system-out>
  </testcase>
  <testcase name="shouldHandleCircuitBreakerOpen" classname="com.example.order.service.OrderServiceUnitTest" time="0.009">
    <error message="&#10;Unnecessary stubbings detected.&#10;Clean &amp; maintainable test code requires zero unnecessary code.&#10;Following stubbings are unnecessary (click to navigate to relevant line of code):&#10;  1. -&gt; at com.example.order.service.OrderServiceUnitTest.setUp(OrderServiceUnitTest.java:134)&#10;  2. -&gt; at com.example.order.service.OrderServiceUnitTest.setUp(OrderServiceUnitTest.java:135)&#10;  3. -&gt; at com.example.order.service.OrderServiceUnitTest.setUp(OrderServiceUnitTest.java:136)&#10;  4. -&gt; at com.example.order.service.OrderServiceUnitTest.setUp(OrderServiceUnitTest.java:137)&#10;  5. -&gt; at com.example.order.service.OrderServiceUnitTest.setUp(OrderServiceUnitTest.java:138)&#10;  6. -&gt; at com.example.order.service.OrderServiceUnitTest.setUp(OrderServiceUnitTest.java:139)&#10;  7. -&gt; at com.example.order.service.OrderServiceUnitTest.setUp(OrderServiceUnitTest.java:140)&#10;  8. -&gt; at com.example.order.service.OrderServiceUnitTest.setUp(OrderServiceUnitTest.java:141)&#10;  9. -&gt; at com.example.order.service.OrderServiceUnitTest.setUp(OrderServiceUnitTest.java:142)&#10;  10. -&gt; at com.example.order.service.OrderServiceUnitTest.setUp(OrderServiceUnitTest.java:143)&#10;  11. -&gt; at com.example.order.service.OrderServiceUnitTest.setUp(OrderServiceUnitTest.java:144)&#10;  12. -&gt; at com.example.order.service.OrderServiceUnitTest.setUp(OrderServiceUnitTest.java:145)&#10;  13. -&gt; at com.example.order.service.OrderServiceUnitTest.setUp(OrderServiceUnitTest.java:146)&#10;  14. -&gt; at com.example.order.service.OrderServiceUnitTest.setUp(OrderServiceUnitTest.java:152)&#10;  15. -&gt; at com.example.order.service.OrderServiceUnitTest.setUp(OrderServiceUnitTest.java:153)&#10;  16. -&gt; at com.example.order.service.OrderServiceUnitTest.setUp(OrderServiceUnitTest.java:154)&#10;  17. -&gt; at com.example.order.service.OrderServiceUnitTest.setUp(OrderServiceUnitTest.java:155)&#10;  18. -&gt; at com.example.order.service.OrderServiceUnitTest.setUp(OrderServiceUnitTest.java:157)&#10;  19. -&gt; at com.example.order.service.OrderServiceUnitTest.setUp(OrderServiceUnitTest.java:159)&#10;  20. -&gt; at com.example.order.service.OrderServiceUnitTest.shouldHandleCircuitBreakerOpen(OrderServiceUnitTest.java:269)&#10;Please remove unnecessary stubbings or use &apos;lenient&apos; strictness. More info: javadoc for UnnecessaryStubbingException class." type="org.mockito.exceptions.misusing.UnnecessaryStubbingException"><![CDATA[org.mockito.exceptions.misusing.UnnecessaryStubbingException: 

Unnecessary stubbings detected.
Clean & maintainable test code requires zero unnecessary code.
Following stubbings are unnecessary (click to navigate to relevant line of code):
  1. -> at com.example.order.service.OrderServiceUnitTest.setUp(OrderServiceUnitTest.java:134)
  2. -> at com.example.order.service.OrderServiceUnitTest.setUp(OrderServiceUnitTest.java:135)
  3. -> at com.example.order.service.OrderServiceUnitTest.setUp(OrderServiceUnitTest.java:136)
  4. -> at com.example.order.service.OrderServiceUnitTest.setUp(OrderServiceUnitTest.java:137)
  5. -> at com.example.order.service.OrderServiceUnitTest.setUp(OrderServiceUnitTest.java:138)
  6. -> at com.example.order.service.OrderServiceUnitTest.setUp(OrderServiceUnitTest.java:139)
  7. -> at com.example.order.service.OrderServiceUnitTest.setUp(OrderServiceUnitTest.java:140)
  8. -> at com.example.order.service.OrderServiceUnitTest.setUp(OrderServiceUnitTest.java:141)
  9. -> at com.example.order.service.OrderServiceUnitTest.setUp(OrderServiceUnitTest.java:142)
  10. -> at com.example.order.service.OrderServiceUnitTest.setUp(OrderServiceUnitTest.java:143)
  11. -> at com.example.order.service.OrderServiceUnitTest.setUp(OrderServiceUnitTest.java:144)
  12. -> at com.example.order.service.OrderServiceUnitTest.setUp(OrderServiceUnitTest.java:145)
  13. -> at com.example.order.service.OrderServiceUnitTest.setUp(OrderServiceUnitTest.java:146)
  14. -> at com.example.order.service.OrderServiceUnitTest.setUp(OrderServiceUnitTest.java:152)
  15. -> at com.example.order.service.OrderServiceUnitTest.setUp(OrderServiceUnitTest.java:153)
  16. -> at com.example.order.service.OrderServiceUnitTest.setUp(OrderServiceUnitTest.java:154)
  17. -> at com.example.order.service.OrderServiceUnitTest.setUp(OrderServiceUnitTest.java:155)
  18. -> at com.example.order.service.OrderServiceUnitTest.setUp(OrderServiceUnitTest.java:157)
  19. -> at com.example.order.service.OrderServiceUnitTest.setUp(OrderServiceUnitTest.java:159)
  20. -> at com.example.order.service.OrderServiceUnitTest.shouldHandleCircuitBreakerOpen(OrderServiceUnitTest.java:269)
Please remove unnecessary stubbings or use 'lenient' strictness. More info: javadoc for UnnecessaryStubbingException class.
	at org.mockito.junit.jupiter.MockitoExtension.afterEach(MockitoExtension.java:197)
	at java.base/java.util.ArrayList.forEach(ArrayList.java:1596)
	at java.base/java.util.ArrayList.forEach(ArrayList.java:1596)
]]></error>
    <system-out><![CDATA[14:52:27.592 [main] INFO  c.e.order.service.OrderServiceImpl - Starting order 1 with correlationId 5ea39eab-b8e6-4bf6-bf71-fbbf43e50bb4
14:52:27.592 [main] WARN  c.e.order.service.OrderServiceImpl - Circuit breaker open for order 1
14:52:27.592 [main] WARN  c.e.order.service.OrderServiceImpl - Returning fallback order for 1 with reason: circuit_breaker_open
14:52:27.593 [main] WARN  c.e.order.service.OrderServiceImpl - Returning fallback order for 1
14:52:27.594 [main] INFO  c.e.order.service.OrderServiceImpl - Fallback order created for 1: Order[id=1, status=failed, correlationId=unknown]
]]></system-out>
  </testcase>
  <testcase name="shouldFailToCreateOrderWithInvalidOrderId(Long)[1]" classname="com.example.order.service.OrderServiceUnitTest" time="0.007">
    <error message="Cannot invoke &quot;org.reactivestreams.Publisher.subscribe(org.reactivestreams.Subscriber)&quot; because &quot;publisher&quot; is null" type="java.lang.NullPointerException"><![CDATA[java.lang.NullPointerException: Cannot invoke "org.reactivestreams.Publisher.subscribe(org.reactivestreams.Subscriber)" because "publisher" is null
	at reactor.test.DefaultStepVerifierBuilder$DefaultStepVerifier.toVerifierAndSubscribe(DefaultStepVerifierBuilder.java:891)
	at reactor.test.DefaultStepVerifierBuilder$DefaultStepVerifier.verify(DefaultStepVerifierBuilder.java:831)
	at reactor.test.DefaultStepVerifierBuilder$DefaultStepVerifier.verify(DefaultStepVerifierBuilder.java:823)
	at com.example.order.service.OrderServiceUnitTest.shouldFailToCreateOrderWithInvalidOrderId(OrderServiceUnitTest.java:469)
	at java.base/java.lang.reflect.Method.invoke(Method.java:580)
	at java.base/java.util.stream.ForEachOps$ForEachOp$OfRef.accept(ForEachOps.java:184)
	at java.base/java.util.stream.ReferencePipeline$3$1.accept(ReferencePipeline.java:197)
	at java.base/java.util.stream.ReferencePipeline$2$1.accept(ReferencePipeline.java:179)
	at java.base/java.util.stream.ReferencePipeline$3$1.accept(ReferencePipeline.java:197)
	at java.base/java.util.stream.ForEachOps$ForEachOp$OfRef.accept(ForEachOps.java:184)
	at java.base/java.util.stream.ReferencePipeline$3$1.accept(ReferencePipeline.java:197)
	at java.base/java.util.stream.ForEachOps$ForEachOp$OfRef.accept(ForEachOps.java:184)
	at java.base/java.util.stream.ForEachOps$ForEachOp$OfRef.accept(ForEachOps.java:184)
	at java.base/java.util.stream.ReferencePipeline$3$1.accept(ReferencePipeline.java:197)
	at java.base/java.util.Spliterators$ArraySpliterator.forEachRemaining(Spliterators.java:1024)
	at java.base/java.util.stream.AbstractPipeline.copyInto(AbstractPipeline.java:509)
	at java.base/java.util.stream.AbstractPipeline.wrapAndCopyInto(AbstractPipeline.java:499)
	at java.base/java.util.stream.ForEachOps$ForEachOp.evaluateSequential(ForEachOps.java:151)
	at java.base/java.util.stream.ForEachOps$ForEachOp$OfRef.evaluateSequential(ForEachOps.java:174)
	at java.base/java.util.stream.AbstractPipeline.evaluate(AbstractPipeline.java:234)
	at java.base/java.util.stream.ReferencePipeline.forEach(ReferencePipeline.java:596)
	at java.base/java.util.stream.ReferencePipeline$7$1.accept(ReferencePipeline.java:276)
	at java.base/java.util.ArrayList$ArrayListSpliterator.forEachRemaining(ArrayList.java:1708)
	at java.base/java.util.stream.AbstractPipeline.copyInto(AbstractPipeline.java:509)
	at java.base/java.util.stream.AbstractPipeline.wrapAndCopyInto(AbstractPipeline.java:499)
	at java.base/java.util.stream.ForEachOps$ForEachOp.evaluateSequential(ForEachOps.java:151)
	at java.base/java.util.stream.ForEachOps$ForEachOp$OfRef.evaluateSequential(ForEachOps.java:174)
	at java.base/java.util.stream.AbstractPipeline.evaluate(AbstractPipeline.java:234)
	at java.base/java.util.stream.ReferencePipeline.forEach(ReferencePipeline.java:596)
	at java.base/java.util.stream.ReferencePipeline$7$1.accept(ReferencePipeline.java:276)
	at java.base/java.util.stream.ReferencePipeline$3$1.accept(ReferencePipeline.java:197)
	at java.base/java.util.stream.ReferencePipeline$3$1.accept(ReferencePipeline.java:197)
	at java.base/java.util.stream.ReferencePipeline$3$1.accept(ReferencePipeline.java:197)
	at java.base/java.util.ArrayList$ArrayListSpliterator.forEachRemaining(ArrayList.java:1708)
	at java.base/java.util.stream.AbstractPipeline.copyInto(AbstractPipeline.java:509)
	at java.base/java.util.stream.AbstractPipeline.wrapAndCopyInto(AbstractPipeline.java:499)
	at java.base/java.util.stream.ForEachOps$ForEachOp.evaluateSequential(ForEachOps.java:151)
	at java.base/java.util.stream.ForEachOps$ForEachOp$OfRef.evaluateSequential(ForEachOps.java:174)
	at java.base/java.util.stream.AbstractPipeline.evaluate(AbstractPipeline.java:234)
	at java.base/java.util.stream.ReferencePipeline.forEach(ReferencePipeline.java:596)
	at java.base/java.util.stream.ReferencePipeline$7$1.accept(ReferencePipeline.java:276)
	at java.base/java.util.ArrayList$ArrayListSpliterator.forEachRemaining(ArrayList.java:1708)
	at java.base/java.util.stream.AbstractPipeline.copyInto(AbstractPipeline.java:509)
	at java.base/java.util.stream.AbstractPipeline.wrapAndCopyInto(AbstractPipeline.java:499)
	at java.base/java.util.stream.ForEachOps$ForEachOp.evaluateSequential(ForEachOps.java:151)
	at java.base/java.util.stream.ForEachOps$ForEachOp$OfRef.evaluateSequential(ForEachOps.java:174)
	at java.base/java.util.stream.AbstractPipeline.evaluate(AbstractPipeline.java:234)
	at java.base/java.util.stream.ReferencePipeline.forEach(ReferencePipeline.java:596)
	at java.base/java.util.ArrayList.forEach(ArrayList.java:1596)
	at java.base/java.util.ArrayList.forEach(ArrayList.java:1596)
]]></error>
    <system-out><![CDATA[14:52:27.602 [main] INFO  c.e.order.service.OrderServiceImpl - Creating order 0 with correlationId test-correlation-id
]]></system-out>
  </testcase>
  <testcase name="shouldFailToCreateOrderWithInvalidOrderId(Long)[2]" classname="com.example.order.service.OrderServiceUnitTest" time="0.007">
    <error message="Cannot invoke &quot;org.reactivestreams.Publisher.subscribe(org.reactivestreams.Subscriber)&quot; because &quot;publisher&quot; is null" type="java.lang.NullPointerException"><![CDATA[java.lang.NullPointerException: Cannot invoke "org.reactivestreams.Publisher.subscribe(org.reactivestreams.Subscriber)" because "publisher" is null
	at reactor.test.DefaultStepVerifierBuilder$DefaultStepVerifier.toVerifierAndSubscribe(DefaultStepVerifierBuilder.java:891)
	at reactor.test.DefaultStepVerifierBuilder$DefaultStepVerifier.verify(DefaultStepVerifierBuilder.java:831)
	at reactor.test.DefaultStepVerifierBuilder$DefaultStepVerifier.verify(DefaultStepVerifierBuilder.java:823)
	at com.example.order.service.OrderServiceUnitTest.shouldFailToCreateOrderWithInvalidOrderId(OrderServiceUnitTest.java:469)
	at java.base/java.lang.reflect.Method.invoke(Method.java:580)
	at java.base/java.util.stream.ForEachOps$ForEachOp$OfRef.accept(ForEachOps.java:184)
	at java.base/java.util.stream.ReferencePipeline$3$1.accept(ReferencePipeline.java:197)
	at java.base/java.util.stream.ReferencePipeline$2$1.accept(ReferencePipeline.java:179)
	at java.base/java.util.stream.ReferencePipeline$3$1.accept(ReferencePipeline.java:197)
	at java.base/java.util.stream.ForEachOps$ForEachOp$OfRef.accept(ForEachOps.java:184)
	at java.base/java.util.stream.ReferencePipeline$3$1.accept(ReferencePipeline.java:197)
	at java.base/java.util.stream.ForEachOps$ForEachOp$OfRef.accept(ForEachOps.java:184)
	at java.base/java.util.stream.ForEachOps$ForEachOp$OfRef.accept(ForEachOps.java:184)
	at java.base/java.util.stream.ReferencePipeline$3$1.accept(ReferencePipeline.java:197)
	at java.base/java.util.Spliterators$ArraySpliterator.forEachRemaining(Spliterators.java:1024)
	at java.base/java.util.stream.AbstractPipeline.copyInto(AbstractPipeline.java:509)
	at java.base/java.util.stream.AbstractPipeline.wrapAndCopyInto(AbstractPipeline.java:499)
	at java.base/java.util.stream.ForEachOps$ForEachOp.evaluateSequential(ForEachOps.java:151)
	at java.base/java.util.stream.ForEachOps$ForEachOp$OfRef.evaluateSequential(ForEachOps.java:174)
	at java.base/java.util.stream.AbstractPipeline.evaluate(AbstractPipeline.java:234)
	at java.base/java.util.stream.ReferencePipeline.forEach(ReferencePipeline.java:596)
	at java.base/java.util.stream.ReferencePipeline$7$1.accept(ReferencePipeline.java:276)
	at java.base/java.util.ArrayList$ArrayListSpliterator.forEachRemaining(ArrayList.java:1708)
	at java.base/java.util.stream.AbstractPipeline.copyInto(AbstractPipeline.java:509)
	at java.base/java.util.stream.AbstractPipeline.wrapAndCopyInto(AbstractPipeline.java:499)
	at java.base/java.util.stream.ForEachOps$ForEachOp.evaluateSequential(ForEachOps.java:151)
	at java.base/java.util.stream.ForEachOps$ForEachOp$OfRef.evaluateSequential(ForEachOps.java:174)
	at java.base/java.util.stream.AbstractPipeline.evaluate(AbstractPipeline.java:234)
	at java.base/java.util.stream.ReferencePipeline.forEach(ReferencePipeline.java:596)
	at java.base/java.util.stream.ReferencePipeline$7$1.accept(ReferencePipeline.java:276)
	at java.base/java.util.stream.ReferencePipeline$3$1.accept(ReferencePipeline.java:197)
	at java.base/java.util.stream.ReferencePipeline$3$1.accept(ReferencePipeline.java:197)
	at java.base/java.util.stream.ReferencePipeline$3$1.accept(ReferencePipeline.java:197)
	at java.base/java.util.ArrayList$ArrayListSpliterator.forEachRemaining(ArrayList.java:1708)
	at java.base/java.util.stream.AbstractPipeline.copyInto(AbstractPipeline.java:509)
	at java.base/java.util.stream.AbstractPipeline.wrapAndCopyInto(AbstractPipeline.java:499)
	at java.base/java.util.stream.ForEachOps$ForEachOp.evaluateSequential(ForEachOps.java:151)
	at java.base/java.util.stream.ForEachOps$ForEachOp$OfRef.evaluateSequential(ForEachOps.java:174)
	at java.base/java.util.stream.AbstractPipeline.evaluate(AbstractPipeline.java:234)
	at java.base/java.util.stream.ReferencePipeline.forEach(ReferencePipeline.java:596)
	at java.base/java.util.stream.ReferencePipeline$7$1.accept(ReferencePipeline.java:276)
	at java.base/java.util.ArrayList$ArrayListSpliterator.forEachRemaining(ArrayList.java:1708)
	at java.base/java.util.stream.AbstractPipeline.copyInto(AbstractPipeline.java:509)
	at java.base/java.util.stream.AbstractPipeline.wrapAndCopyInto(AbstractPipeline.java:499)
	at java.base/java.util.stream.ForEachOps$ForEachOp.evaluateSequential(ForEachOps.java:151)
	at java.base/java.util.stream.ForEachOps$ForEachOp$OfRef.evaluateSequential(ForEachOps.java:174)
	at java.base/java.util.stream.AbstractPipeline.evaluate(AbstractPipeline.java:234)
	at java.base/java.util.stream.ReferencePipeline.forEach(ReferencePipeline.java:596)
	at java.base/java.util.ArrayList.forEach(ArrayList.java:1596)
	at java.base/java.util.ArrayList.forEach(ArrayList.java:1596)
]]></error>
    <system-out><![CDATA[14:52:27.610 [main] INFO  c.e.order.service.OrderServiceImpl - Creating order -1 with correlationId test-correlation-id
]]></system-out>
  </testcase>
  <testcase name="shouldPersistOrderSuccessfully" classname="com.example.order.service.OrderServiceUnitTest" time="0.006">
    <error message="&#10;Strict stubbing argument mismatch. Please check:&#10; - this invocation of &apos;executeOrderSaga&apos; method:&#10;    sagaOrchestrator.executeOrderSaga(&#10;    1L,&#10;    10,&#10;    100.0d,&#10;    &quot;a25c52a5-5356-4e7e-b66e-fe47f437feaf&quot;&#10;);&#10;    -&gt; at com.example.order.service.OrderServiceImpl.processOrder(OrderServiceImpl.java:42)&#10; - has following stubbing(s) with different arguments:&#10;    1. sagaOrchestrator.executeOrderSaga(&#10;    1L,&#10;    10,&#10;    100.0d,&#10;    &quot;0f7c16ce-73c0-45ab-b66f-df05f06d4169&quot;&#10;);&#10;      -&gt; at com.example.order.service.OrderServiceUnitTest.shouldPersistOrderSuccessfully(OrderServiceUnitTest.java:206)&#10;Typically, stubbing argument mismatch indicates user mistake when writing tests.&#10;Mockito fails early so that you can debug potential problem easily.&#10;However, there are legit scenarios when this exception generates false negative signal:&#10;  - stubbing the same method multiple times using &apos;given().will()&apos; or &apos;when().then()&apos; API&#10;    Please use &apos;will().given()&apos; or &apos;doReturn().when()&apos; API for stubbing.&#10;  - stubbed method is intentionally invoked with different arguments by code under test&#10;    Please use default or &apos;silent&apos; JUnit Rule (equivalent of Strictness.LENIENT).&#10;For more information see javadoc for PotentialStubbingProblem class." type="org.mockito.exceptions.misusing.PotentialStubbingProblem"><![CDATA[org.mockito.exceptions.misusing.PotentialStubbingProblem: 

Strict stubbing argument mismatch. Please check:
 - this invocation of 'executeOrderSaga' method:
    sagaOrchestrator.executeOrderSaga(
    1L,
    10,
    100.0d,
    "a25c52a5-5356-4e7e-b66e-fe47f437feaf"
);
    -> at com.example.order.service.OrderServiceImpl.processOrder(OrderServiceImpl.java:42)
 - has following stubbing(s) with different arguments:
    1. sagaOrchestrator.executeOrderSaga(
    1L,
    10,
    100.0d,
    "0f7c16ce-73c0-45ab-b66f-df05f06d4169"
);
      -> at com.example.order.service.OrderServiceUnitTest.shouldPersistOrderSuccessfully(OrderServiceUnitTest.java:206)
Typically, stubbing argument mismatch indicates user mistake when writing tests.
Mockito fails early so that you can debug potential problem easily.
However, there are legit scenarios when this exception generates false negative signal:
  - stubbing the same method multiple times using 'given().will()' or 'when().then()' API
    Please use 'will().given()' or 'doReturn().when()' API for stubbing.
  - stubbed method is intentionally invoked with different arguments by code under test
    Please use default or 'silent' JUnit Rule (equivalent of Strictness.LENIENT).
For more information see javadoc for PotentialStubbingProblem class.
	at com.example.order.service.SagaOrchestrator.executeOrderSaga(SagaOrchestrator.java:35)
	at com.example.order.service.OrderServiceImpl.processOrder(OrderServiceImpl.java:42)
	at com.example.order.service.OrderServiceUnitTest.shouldPersistOrderSuccessfully(OrderServiceUnitTest.java:208)
	at java.base/java.lang.reflect.Method.invoke(Method.java:580)
	at java.base/java.util.ArrayList.forEach(ArrayList.java:1596)
	at java.base/java.util.ArrayList.forEach(ArrayList.java:1596)
]]></error>
    <system-out><![CDATA[14:52:27.617 [main] INFO  c.e.order.service.OrderServiceImpl - Starting order 1 with correlationId a25c52a5-5356-4e7e-b66e-fe47f437feaf
]]></system-out>
  </testcase>
  <testcase name="shouldProcessOrderWithDifferentQuantitiesAndAmounts(Long, int, double)[1]" classname="com.example.order.service.OrderServiceUnitTest" time="0.008">
    <error message="Cannot invoke &quot;reactor.core.publisher.Mono.timeout(java.time.Duration)&quot; because the return value of &quot;com.example.order.service.SagaOrchestrator.executeOrderSaga(java.lang.Long, int, double, String)&quot; is null" type="java.lang.NullPointerException"><![CDATA[java.lang.NullPointerException: Cannot invoke "reactor.core.publisher.Mono.timeout(java.time.Duration)" because the return value of "com.example.order.service.SagaOrchestrator.executeOrderSaga(java.lang.Long, int, double, String)" is null
	at com.example.order.service.OrderServiceImpl.processOrder(OrderServiceImpl.java:43)
	at com.example.order.service.OrderServiceUnitTest.shouldProcessOrderWithDifferentQuantitiesAndAmounts(OrderServiceUnitTest.java:585)
	at java.base/java.lang.reflect.Method.invoke(Method.java:580)
	at java.base/java.util.stream.ForEachOps$ForEachOp$OfRef.accept(ForEachOps.java:184)
	at java.base/java.util.stream.ReferencePipeline$3$1.accept(ReferencePipeline.java:197)
	at java.base/java.util.stream.ReferencePipeline$2$1.accept(ReferencePipeline.java:179)
	at java.base/java.util.stream.ReferencePipeline$3$1.accept(ReferencePipeline.java:197)
	at java.base/java.util.stream.ForEachOps$ForEachOp$OfRef.accept(ForEachOps.java:184)
	at java.base/java.util.stream.ReferencePipeline$3$1.accept(ReferencePipeline.java:197)
	at java.base/java.util.stream.ForEachOps$ForEachOp$OfRef.accept(ForEachOps.java:184)
	at java.base/java.util.stream.ForEachOps$ForEachOp$OfRef.accept(ForEachOps.java:184)
	at java.base/java.util.stream.ReferencePipeline$3$1.accept(ReferencePipeline.java:197)
	at java.base/java.util.Spliterators$ArraySpliterator.forEachRemaining(Spliterators.java:1024)
	at java.base/java.util.stream.ReferencePipeline$Head.forEach(ReferencePipeline.java:762)
	at java.base/java.util.stream.ReferencePipeline$7$1.accept(ReferencePipeline.java:276)
	at java.base/java.util.stream.ReferencePipeline$3$1.accept(ReferencePipeline.java:197)
	at java.base/java.util.stream.ReferencePipeline$3$1.accept(ReferencePipeline.java:197)
	at java.base/java.util.stream.ReferencePipeline$3$1.accept(ReferencePipeline.java:197)
	at java.base/java.util.Spliterators$ArraySpliterator.forEachRemaining(Spliterators.java:1024)
	at java.base/java.util.stream.AbstractPipeline.copyInto(AbstractPipeline.java:509)
	at java.base/java.util.stream.AbstractPipeline.wrapAndCopyInto(AbstractPipeline.java:499)
	at java.base/java.util.stream.ForEachOps$ForEachOp.evaluateSequential(ForEachOps.java:151)
	at java.base/java.util.stream.ForEachOps$ForEachOp$OfRef.evaluateSequential(ForEachOps.java:174)
	at java.base/java.util.stream.AbstractPipeline.evaluate(AbstractPipeline.java:234)
	at java.base/java.util.stream.ReferencePipeline.forEach(ReferencePipeline.java:596)
	at java.base/java.util.stream.ReferencePipeline$7$1.accept(ReferencePipeline.java:276)
	at java.base/java.util.ArrayList$ArrayListSpliterator.forEachRemaining(ArrayList.java:1708)
	at java.base/java.util.stream.AbstractPipeline.copyInto(AbstractPipeline.java:509)
	at java.base/java.util.stream.AbstractPipeline.wrapAndCopyInto(AbstractPipeline.java:499)
	at java.base/java.util.stream.ForEachOps$ForEachOp.evaluateSequential(ForEachOps.java:151)
	at java.base/java.util.stream.ForEachOps$ForEachOp$OfRef.evaluateSequential(ForEachOps.java:174)
	at java.base/java.util.stream.AbstractPipeline.evaluate(AbstractPipeline.java:234)
	at java.base/java.util.stream.ReferencePipeline.forEach(ReferencePipeline.java:596)
	at java.base/java.util.stream.ReferencePipeline$7$1.accept(ReferencePipeline.java:276)
	at java.base/java.util.stream.ReferencePipeline$3$1.accept(ReferencePipeline.java:197)
	at java.base/java.util.stream.ReferencePipeline$3$1.accept(ReferencePipeline.java:197)
	at java.base/java.util.stream.ReferencePipeline$3$1.accept(ReferencePipeline.java:197)
	at java.base/java.util.ArrayList$ArrayListSpliterator.forEachRemaining(ArrayList.java:1708)
	at java.base/java.util.stream.AbstractPipeline.copyInto(AbstractPipeline.java:509)
	at java.base/java.util.stream.AbstractPipeline.wrapAndCopyInto(AbstractPipeline.java:499)
	at java.base/java.util.stream.ForEachOps$ForEachOp.evaluateSequential(ForEachOps.java:151)
	at java.base/java.util.stream.ForEachOps$ForEachOp$OfRef.evaluateSequential(ForEachOps.java:174)
	at java.base/java.util.stream.AbstractPipeline.evaluate(AbstractPipeline.java:234)
	at java.base/java.util.stream.ReferencePipeline.forEach(ReferencePipeline.java:596)
	at java.base/java.util.stream.ReferencePipeline$7$1.accept(ReferencePipeline.java:276)
	at java.base/java.util.ArrayList$ArrayListSpliterator.forEachRemaining(ArrayList.java:1708)
	at java.base/java.util.stream.AbstractPipeline.copyInto(AbstractPipeline.java:509)
	at java.base/java.util.stream.AbstractPipeline.wrapAndCopyInto(AbstractPipeline.java:499)
	at java.base/java.util.stream.ForEachOps$ForEachOp.evaluateSequential(ForEachOps.java:151)
	at java.base/java.util.stream.ForEachOps$ForEachOp$OfRef.evaluateSequential(ForEachOps.java:174)
	at java.base/java.util.stream.AbstractPipeline.evaluate(AbstractPipeline.java:234)
	at java.base/java.util.stream.ReferencePipeline.forEach(ReferencePipeline.java:596)
	at java.base/java.util.ArrayList.forEach(ArrayList.java:1596)
	at java.base/java.util.ArrayList.forEach(ArrayList.java:1596)
]]></error>
    <system-out><![CDATA[14:52:27.630 [main] INFO  c.e.order.service.OrderServiceImpl - Starting order 1 with correlationId 366c2a83-c2b4-4154-81fe-6be2dd732b33
]]></system-out>
  </testcase>
  <testcase name="shouldProcessOrderWithDifferentQuantitiesAndAmounts(Long, int, double)[2]" classname="com.example.order.service.OrderServiceUnitTest" time="0.006">
    <error message="Cannot invoke &quot;reactor.core.publisher.Mono.timeout(java.time.Duration)&quot; because the return value of &quot;com.example.order.service.SagaOrchestrator.executeOrderSaga(java.lang.Long, int, double, String)&quot; is null" type="java.lang.NullPointerException"><![CDATA[java.lang.NullPointerException: Cannot invoke "reactor.core.publisher.Mono.timeout(java.time.Duration)" because the return value of "com.example.order.service.SagaOrchestrator.executeOrderSaga(java.lang.Long, int, double, String)" is null
	at com.example.order.service.OrderServiceImpl.processOrder(OrderServiceImpl.java:43)
	at com.example.order.service.OrderServiceUnitTest.shouldProcessOrderWithDifferentQuantitiesAndAmounts(OrderServiceUnitTest.java:585)
	at java.base/java.lang.reflect.Method.invoke(Method.java:580)
	at java.base/java.util.stream.ForEachOps$ForEachOp$OfRef.accept(ForEachOps.java:184)
	at java.base/java.util.stream.ReferencePipeline$3$1.accept(ReferencePipeline.java:197)
	at java.base/java.util.stream.ReferencePipeline$2$1.accept(ReferencePipeline.java:179)
	at java.base/java.util.stream.ReferencePipeline$3$1.accept(ReferencePipeline.java:197)
	at java.base/java.util.stream.ForEachOps$ForEachOp$OfRef.accept(ForEachOps.java:184)
	at java.base/java.util.stream.ReferencePipeline$3$1.accept(ReferencePipeline.java:197)
	at java.base/java.util.stream.ForEachOps$ForEachOp$OfRef.accept(ForEachOps.java:184)
	at java.base/java.util.stream.ForEachOps$ForEachOp$OfRef.accept(ForEachOps.java:184)
	at java.base/java.util.stream.ReferencePipeline$3$1.accept(ReferencePipeline.java:197)
	at java.base/java.util.Spliterators$ArraySpliterator.forEachRemaining(Spliterators.java:1024)
	at java.base/java.util.stream.ReferencePipeline$Head.forEach(ReferencePipeline.java:762)
	at java.base/java.util.stream.ReferencePipeline$7$1.accept(ReferencePipeline.java:276)
	at java.base/java.util.stream.ReferencePipeline$3$1.accept(ReferencePipeline.java:197)
	at java.base/java.util.stream.ReferencePipeline$3$1.accept(ReferencePipeline.java:197)
	at java.base/java.util.stream.ReferencePipeline$3$1.accept(ReferencePipeline.java:197)
	at java.base/java.util.Spliterators$ArraySpliterator.forEachRemaining(Spliterators.java:1024)
	at java.base/java.util.stream.AbstractPipeline.copyInto(AbstractPipeline.java:509)
	at java.base/java.util.stream.AbstractPipeline.wrapAndCopyInto(AbstractPipeline.java:499)
	at java.base/java.util.stream.ForEachOps$ForEachOp.evaluateSequential(ForEachOps.java:151)
	at java.base/java.util.stream.ForEachOps$ForEachOp$OfRef.evaluateSequential(ForEachOps.java:174)
	at java.base/java.util.stream.AbstractPipeline.evaluate(AbstractPipeline.java:234)
	at java.base/java.util.stream.ReferencePipeline.forEach(ReferencePipeline.java:596)
	at java.base/java.util.stream.ReferencePipeline$7$1.accept(ReferencePipeline.java:276)
	at java.base/java.util.ArrayList$ArrayListSpliterator.forEachRemaining(ArrayList.java:1708)
	at java.base/java.util.stream.AbstractPipeline.copyInto(AbstractPipeline.java:509)
	at java.base/java.util.stream.AbstractPipeline.wrapAndCopyInto(AbstractPipeline.java:499)
	at java.base/java.util.stream.ForEachOps$ForEachOp.evaluateSequential(ForEachOps.java:151)
	at java.base/java.util.stream.ForEachOps$ForEachOp$OfRef.evaluateSequential(ForEachOps.java:174)
	at java.base/java.util.stream.AbstractPipeline.evaluate(AbstractPipeline.java:234)
	at java.base/java.util.stream.ReferencePipeline.forEach(ReferencePipeline.java:596)
	at java.base/java.util.stream.ReferencePipeline$7$1.accept(ReferencePipeline.java:276)
	at java.base/java.util.stream.ReferencePipeline$3$1.accept(ReferencePipeline.java:197)
	at java.base/java.util.stream.ReferencePipeline$3$1.accept(ReferencePipeline.java:197)
	at java.base/java.util.stream.ReferencePipeline$3$1.accept(ReferencePipeline.java:197)
	at java.base/java.util.ArrayList$ArrayListSpliterator.forEachRemaining(ArrayList.java:1708)
	at java.base/java.util.stream.AbstractPipeline.copyInto(AbstractPipeline.java:509)
	at java.base/java.util.stream.AbstractPipeline.wrapAndCopyInto(AbstractPipeline.java:499)
	at java.base/java.util.stream.ForEachOps$ForEachOp.evaluateSequential(ForEachOps.java:151)
	at java.base/java.util.stream.ForEachOps$ForEachOp$OfRef.evaluateSequential(ForEachOps.java:174)
	at java.base/java.util.stream.AbstractPipeline.evaluate(AbstractPipeline.java:234)
	at java.base/java.util.stream.ReferencePipeline.forEach(ReferencePipeline.java:596)
	at java.base/java.util.stream.ReferencePipeline$7$1.accept(ReferencePipeline.java:276)
	at java.base/java.util.ArrayList$ArrayListSpliterator.forEachRemaining(ArrayList.java:1708)
	at java.base/java.util.stream.AbstractPipeline.copyInto(AbstractPipeline.java:509)
	at java.base/java.util.stream.AbstractPipeline.wrapAndCopyInto(AbstractPipeline.java:499)
	at java.base/java.util.stream.ForEachOps$ForEachOp.evaluateSequential(ForEachOps.java:151)
	at java.base/java.util.stream.ForEachOps$ForEachOp$OfRef.evaluateSequential(ForEachOps.java:174)
	at java.base/java.util.stream.AbstractPipeline.evaluate(AbstractPipeline.java:234)
	at java.base/java.util.stream.ReferencePipeline.forEach(ReferencePipeline.java:596)
	at java.base/java.util.ArrayList.forEach(ArrayList.java:1596)
	at java.base/java.util.ArrayList.forEach(ArrayList.java:1596)
]]></error>
    <system-out><![CDATA[14:52:27.637 [main] INFO  c.e.order.service.OrderServiceImpl - Starting order 2 with correlationId 2da3d7d1-58a7-48ce-89e3-b598fa215e2b
]]></system-out>
  </testcase>
  <testcase name="shouldProcessOrderWithDifferentQuantitiesAndAmounts(Long, int, double)[3]" classname="com.example.order.service.OrderServiceUnitTest" time="0.006">
    <error message="Cannot invoke &quot;reactor.core.publisher.Mono.timeout(java.time.Duration)&quot; because the return value of &quot;com.example.order.service.SagaOrchestrator.executeOrderSaga(java.lang.Long, int, double, String)&quot; is null" type="java.lang.NullPointerException"><![CDATA[java.lang.NullPointerException: Cannot invoke "reactor.core.publisher.Mono.timeout(java.time.Duration)" because the return value of "com.example.order.service.SagaOrchestrator.executeOrderSaga(java.lang.Long, int, double, String)" is null
	at com.example.order.service.OrderServiceImpl.processOrder(OrderServiceImpl.java:43)
	at com.example.order.service.OrderServiceUnitTest.shouldProcessOrderWithDifferentQuantitiesAndAmounts(OrderServiceUnitTest.java:585)
	at java.base/java.lang.reflect.Method.invoke(Method.java:580)
	at java.base/java.util.stream.ForEachOps$ForEachOp$OfRef.accept(ForEachOps.java:184)
	at java.base/java.util.stream.ReferencePipeline$3$1.accept(ReferencePipeline.java:197)
	at java.base/java.util.stream.ReferencePipeline$2$1.accept(ReferencePipeline.java:179)
	at java.base/java.util.stream.ReferencePipeline$3$1.accept(ReferencePipeline.java:197)
	at java.base/java.util.stream.ForEachOps$ForEachOp$OfRef.accept(ForEachOps.java:184)
	at java.base/java.util.stream.ReferencePipeline$3$1.accept(ReferencePipeline.java:197)
	at java.base/java.util.stream.ForEachOps$ForEachOp$OfRef.accept(ForEachOps.java:184)
	at java.base/java.util.stream.ForEachOps$ForEachOp$OfRef.accept(ForEachOps.java:184)
	at java.base/java.util.stream.ReferencePipeline$3$1.accept(ReferencePipeline.java:197)
	at java.base/java.util.Spliterators$ArraySpliterator.forEachRemaining(Spliterators.java:1024)
	at java.base/java.util.stream.ReferencePipeline$Head.forEach(ReferencePipeline.java:762)
	at java.base/java.util.stream.ReferencePipeline$7$1.accept(ReferencePipeline.java:276)
	at java.base/java.util.stream.ReferencePipeline$3$1.accept(ReferencePipeline.java:197)
	at java.base/java.util.stream.ReferencePipeline$3$1.accept(ReferencePipeline.java:197)
	at java.base/java.util.stream.ReferencePipeline$3$1.accept(ReferencePipeline.java:197)
	at java.base/java.util.Spliterators$ArraySpliterator.forEachRemaining(Spliterators.java:1024)
	at java.base/java.util.stream.AbstractPipeline.copyInto(AbstractPipeline.java:509)
	at java.base/java.util.stream.AbstractPipeline.wrapAndCopyInto(AbstractPipeline.java:499)
	at java.base/java.util.stream.ForEachOps$ForEachOp.evaluateSequential(ForEachOps.java:151)
	at java.base/java.util.stream.ForEachOps$ForEachOp$OfRef.evaluateSequential(ForEachOps.java:174)
	at java.base/java.util.stream.AbstractPipeline.evaluate(AbstractPipeline.java:234)
	at java.base/java.util.stream.ReferencePipeline.forEach(ReferencePipeline.java:596)
	at java.base/java.util.stream.ReferencePipeline$7$1.accept(ReferencePipeline.java:276)
	at java.base/java.util.ArrayList$ArrayListSpliterator.forEachRemaining(ArrayList.java:1708)
	at java.base/java.util.stream.AbstractPipeline.copyInto(AbstractPipeline.java:509)
	at java.base/java.util.stream.AbstractPipeline.wrapAndCopyInto(AbstractPipeline.java:499)
	at java.base/java.util.stream.ForEachOps$ForEachOp.evaluateSequential(ForEachOps.java:151)
	at java.base/java.util.stream.ForEachOps$ForEachOp$OfRef.evaluateSequential(ForEachOps.java:174)
	at java.base/java.util.stream.AbstractPipeline.evaluate(AbstractPipeline.java:234)
	at java.base/java.util.stream.ReferencePipeline.forEach(ReferencePipeline.java:596)
	at java.base/java.util.stream.ReferencePipeline$7$1.accept(ReferencePipeline.java:276)
	at java.base/java.util.stream.ReferencePipeline$3$1.accept(ReferencePipeline.java:197)
	at java.base/java.util.stream.ReferencePipeline$3$1.accept(ReferencePipeline.java:197)
	at java.base/java.util.stream.ReferencePipeline$3$1.accept(ReferencePipeline.java:197)
	at java.base/java.util.ArrayList$ArrayListSpliterator.forEachRemaining(ArrayList.java:1708)
	at java.base/java.util.stream.AbstractPipeline.copyInto(AbstractPipeline.java:509)
	at java.base/java.util.stream.AbstractPipeline.wrapAndCopyInto(AbstractPipeline.java:499)
	at java.base/java.util.stream.ForEachOps$ForEachOp.evaluateSequential(ForEachOps.java:151)
	at java.base/java.util.stream.ForEachOps$ForEachOp$OfRef.evaluateSequential(ForEachOps.java:174)
	at java.base/java.util.stream.AbstractPipeline.evaluate(AbstractPipeline.java:234)
	at java.base/java.util.stream.ReferencePipeline.forEach(ReferencePipeline.java:596)
	at java.base/java.util.stream.ReferencePipeline$7$1.accept(ReferencePipeline.java:276)
	at java.base/java.util.ArrayList$ArrayListSpliterator.forEachRemaining(ArrayList.java:1708)
	at java.base/java.util.stream.AbstractPipeline.copyInto(AbstractPipeline.java:509)
	at java.base/java.util.stream.AbstractPipeline.wrapAndCopyInto(AbstractPipeline.java:499)
	at java.base/java.util.stream.ForEachOps$ForEachOp.evaluateSequential(ForEachOps.java:151)
	at java.base/java.util.stream.ForEachOps$ForEachOp$OfRef.evaluateSequential(ForEachOps.java:174)
	at java.base/java.util.stream.AbstractPipeline.evaluate(AbstractPipeline.java:234)
	at java.base/java.util.stream.ReferencePipeline.forEach(ReferencePipeline.java:596)
	at java.base/java.util.ArrayList.forEach(ArrayList.java:1596)
	at java.base/java.util.ArrayList.forEach(ArrayList.java:1596)
]]></error>
    <system-out><![CDATA[14:52:27.644 [main] INFO  c.e.order.service.OrderServiceImpl - Starting order 3 with correlationId 1302ce79-e626-4885-90da-f963c8823f48
]]></system-out>
  </testcase>
  <testcase name="shouldPersistOrderDuringCreation" classname="com.example.order.service.OrderServiceUnitTest" time="0.008">
    <error message="Cannot invoke &quot;org.reactivestreams.Publisher.subscribe(org.reactivestreams.Subscriber)&quot; because &quot;publisher&quot; is null" type="java.lang.NullPointerException"><![CDATA[java.lang.NullPointerException: Cannot invoke "org.reactivestreams.Publisher.subscribe(org.reactivestreams.Subscriber)" because "publisher" is null
	at reactor.test.DefaultStepVerifierBuilder$DefaultStepVerifier.toVerifierAndSubscribe(DefaultStepVerifierBuilder.java:891)
	at reactor.test.DefaultStepVerifierBuilder$DefaultStepVerifier.verify(DefaultStepVerifierBuilder.java:831)
	at reactor.test.DefaultStepVerifierBuilder$DefaultStepVerifier.verify(DefaultStepVerifierBuilder.java:823)
	at reactor.test.DefaultStepVerifierBuilder.verifyComplete(DefaultStepVerifierBuilder.java:690)
	at com.example.order.service.OrderServiceUnitTest.shouldPersistOrderDuringCreation(OrderServiceUnitTest.java:381)
	at java.base/java.lang.reflect.Method.invoke(Method.java:580)
	at java.base/java.util.ArrayList.forEach(ArrayList.java:1596)
	at java.base/java.util.ArrayList.forEach(ArrayList.java:1596)
]]></error>
    <system-out><![CDATA[14:52:27.652 [main] INFO  c.e.order.service.OrderServiceImpl - Creating order 1 with correlationId test-correlation-id
]]></system-out>
  </testcase>
  <testcase name="shouldHandleConcurrentDatabaseAndRedisFailure" classname="com.example.order.service.OrderServiceUnitTest" time="0.006">
    <error message="Cannot invoke &quot;org.springframework.data.redis.core.ReactiveListOperations.leftPush(Object, Object)&quot; because the return value of &quot;org.springframework.data.redis.core.ReactiveRedisTemplate.opsForList()&quot; is null" type="java.lang.NullPointerException"><![CDATA[java.lang.NullPointerException: Cannot invoke "org.springframework.data.redis.core.ReactiveListOperations.leftPush(Object, Object)" because the return value of "org.springframework.data.redis.core.ReactiveRedisTemplate.opsForList()" is null
	at com.example.order.service.OrderServiceUnitTest.shouldHandleConcurrentDatabaseAndRedisFailure(OrderServiceUnitTest.java:563)
	at java.base/java.lang.reflect.Method.invoke(Method.java:580)
	at java.base/java.util.ArrayList.forEach(ArrayList.java:1596)
	at java.base/java.util.ArrayList.forEach(ArrayList.java:1596)
]]></error>
  </testcase>
  <testcase name="shouldPublishOrderCreatedEventSuccessfully" classname="com.example.order.service.OrderServiceUnitTest" time="0.001">
    <error message="&#10;Misplaced or misused argument matcher detected here:&#10;&#10;-&gt; at com.example.order.service.OrderServiceUnitTest.shouldHandleConcurrentDatabaseAndRedisFailure(OrderServiceUnitTest.java:563)&#10;-&gt; at com.example.order.service.OrderServiceUnitTest.shouldHandleConcurrentDatabaseAndRedisFailure(OrderServiceUnitTest.java:563)&#10;&#10;You cannot use argument matchers outside of verification or stubbing.&#10;Examples of correct usage of argument matchers:&#10;    when(mock.get(anyInt())).thenReturn(null);&#10;    doThrow(new RuntimeException()).when(mock).someVoidMethod(any());&#10;    verify(mock).someMethod(contains(&quot;foo&quot;))&#10;&#10;This message may appear after an NullPointerException if the last matcher is returning an object &#10;like any() but the stubbed method signature expect a primitive argument, in this case,&#10;use primitive alternatives.&#10;    when(mock.get(any())); // bad use, will raise NPE&#10;    when(mock.get(anyInt())); // correct usage use&#10;&#10;Also, this error might show up because you use argument matchers with methods that cannot be mocked.&#10;Following methods *cannot* be stubbed/verified: final/private/equals()/hashCode().&#10;Mocking methods declared on non-public parent classes is not supported.&#10;" type="org.mockito.exceptions.misusing.InvalidUseOfMatchersException"><![CDATA[org.mockito.exceptions.misusing.InvalidUseOfMatchersException: 

Misplaced or misused argument matcher detected here:

-> at com.example.order.service.OrderServiceUnitTest.shouldHandleConcurrentDatabaseAndRedisFailure(OrderServiceUnitTest.java:563)
-> at com.example.order.service.OrderServiceUnitTest.shouldHandleConcurrentDatabaseAndRedisFailure(OrderServiceUnitTest.java:563)

You cannot use argument matchers outside of verification or stubbing.
Examples of correct usage of argument matchers:
    when(mock.get(anyInt())).thenReturn(null);
    doThrow(new RuntimeException()).when(mock).someVoidMethod(any());
    verify(mock).someMethod(contains("foo"))

This message may appear after an NullPointerException if the last matcher is returning an object 
like any() but the stubbed method signature expect a primitive argument, in this case,
use primitive alternatives.
    when(mock.get(any())); // bad use, will raise NPE
    when(mock.get(anyInt())); // correct usage use

Also, this error might show up because you use argument matchers with methods that cannot be mocked.
Following methods *cannot* be stubbed/verified: final/private/equals()/hashCode().
Mocking methods declared on non-public parent classes is not supported.

	at org.mockito.junit.jupiter.MockitoExtension.beforeEach(MockitoExtension.java:160)
	at java.base/java.util.ArrayList.forEach(ArrayList.java:1596)
	at java.base/java.util.ArrayList.forEach(ArrayList.java:1596)
	Suppressed: java.lang.NullPointerException: Cannot invoke "java.util.Set.forEach(java.util.function.Consumer)" because the return value of "org.junit.jupiter.api.extension.ExtensionContext$Store.remove(Object, java.lang.Class)" is null
		at org.mockito.junit.jupiter.MockitoExtension.afterEach(MockitoExtension.java:194)
		... 2 more
]]></error>
  </testcase>
  <testcase name="shouldPublishOrderCreatedEvent" classname="com.example.order.service.OrderServiceUnitTest" time="0.006">
    <error message="Cannot invoke &quot;org.reactivestreams.Publisher.subscribe(org.reactivestreams.Subscriber)&quot; because &quot;publisher&quot; is null" type="java.lang.NullPointerException"><![CDATA[java.lang.NullPointerException: Cannot invoke "org.reactivestreams.Publisher.subscribe(org.reactivestreams.Subscriber)" because "publisher" is null
	at reactor.test.DefaultStepVerifierBuilder$DefaultStepVerifier.toVerifierAndSubscribe(DefaultStepVerifierBuilder.java:891)
	at reactor.test.DefaultStepVerifierBuilder$DefaultStepVerifier.verify(DefaultStepVerifierBuilder.java:831)
	at reactor.test.DefaultStepVerifierBuilder$DefaultStepVerifier.verify(DefaultStepVerifierBuilder.java:823)
	at reactor.test.DefaultStepVerifierBuilder.verifyComplete(DefaultStepVerifierBuilder.java:690)
	at com.example.order.service.OrderServiceUnitTest.shouldPublishOrderCreatedEvent(OrderServiceUnitTest.java:398)
	at java.base/java.lang.reflect.Method.invoke(Method.java:580)
	at java.base/java.util.ArrayList.forEach(ArrayList.java:1596)
	at java.base/java.util.ArrayList.forEach(ArrayList.java:1596)
]]></error>
    <system-out><![CDATA[14:52:27.668 [main] INFO  c.e.order.service.OrderServiceImpl - Creating order 1 with correlationId test-correlation-id
]]></system-out>
  </testcase>
  <testcase name="shouldHandleTimeoutDuringOrderProcessing" classname="com.example.order.service.OrderServiceUnitTest" time="0.005">
    <error message="&#10;Strict stubbing argument mismatch. Please check:&#10; - this invocation of &apos;executeOrderSaga&apos; method:&#10;    sagaOrchestrator.executeOrderSaga(&#10;    1L,&#10;    10,&#10;    100.0d,&#10;    &quot;230b97e4-2d5b-4a68-940e-854791c2778a&quot;&#10;);&#10;    -&gt; at com.example.order.service.OrderServiceImpl.processOrder(OrderServiceImpl.java:42)&#10; - has following stubbing(s) with different arguments:&#10;    1. sagaOrchestrator.executeOrderSaga(&#10;    1L,&#10;    10,&#10;    100.0d,&#10;    &quot;9a5ef31f-2ad4-4ace-bf2c-8e891a6b02d2&quot;&#10;);&#10;      -&gt; at com.example.order.service.OrderServiceUnitTest.shouldHandleTimeoutDuringOrderProcessing(OrderServiceUnitTest.java:344)&#10;Typically, stubbing argument mismatch indicates user mistake when writing tests.&#10;Mockito fails early so that you can debug potential problem easily.&#10;However, there are legit scenarios when this exception generates false negative signal:&#10;  - stubbing the same method multiple times using &apos;given().will()&apos; or &apos;when().then()&apos; API&#10;    Please use &apos;will().given()&apos; or &apos;doReturn().when()&apos; API for stubbing.&#10;  - stubbed method is intentionally invoked with different arguments by code under test&#10;    Please use default or &apos;silent&apos; JUnit Rule (equivalent of Strictness.LENIENT).&#10;For more information see javadoc for PotentialStubbingProblem class." type="org.mockito.exceptions.misusing.PotentialStubbingProblem"><![CDATA[org.mockito.exceptions.misusing.PotentialStubbingProblem: 

Strict stubbing argument mismatch. Please check:
 - this invocation of 'executeOrderSaga' method:
    sagaOrchestrator.executeOrderSaga(
    1L,
    10,
    100.0d,
    "230b97e4-2d5b-4a68-940e-854791c2778a"
);
    -> at com.example.order.service.OrderServiceImpl.processOrder(OrderServiceImpl.java:42)
 - has following stubbing(s) with different arguments:
    1. sagaOrchestrator.executeOrderSaga(
    1L,
    10,
    100.0d,
    "9a5ef31f-2ad4-4ace-bf2c-8e891a6b02d2"
);
      -> at com.example.order.service.OrderServiceUnitTest.shouldHandleTimeoutDuringOrderProcessing(OrderServiceUnitTest.java:344)
Typically, stubbing argument mismatch indicates user mistake when writing tests.
Mockito fails early so that you can debug potential problem easily.
However, there are legit scenarios when this exception generates false negative signal:
  - stubbing the same method multiple times using 'given().will()' or 'when().then()' API
    Please use 'will().given()' or 'doReturn().when()' API for stubbing.
  - stubbed method is intentionally invoked with different arguments by code under test
    Please use default or 'silent' JUnit Rule (equivalent of Strictness.LENIENT).
For more information see javadoc for PotentialStubbingProblem class.
	at com.example.order.service.SagaOrchestrator.executeOrderSaga(SagaOrchestrator.java:35)
	at com.example.order.service.OrderServiceImpl.processOrder(OrderServiceImpl.java:42)
	at com.example.order.service.OrderServiceUnitTest.shouldHandleTimeoutDuringOrderProcessing(OrderServiceUnitTest.java:348)
	at java.base/java.lang.reflect.Method.invoke(Method.java:580)
	at java.base/java.util.ArrayList.forEach(ArrayList.java:1596)
	at java.base/java.util.ArrayList.forEach(ArrayList.java:1596)
]]></error>
    <system-out><![CDATA[14:52:27.673 [main] INFO  c.e.order.service.OrderServiceImpl - Starting order 1 with correlationId 230b97e4-2d5b-4a68-940e-854791c2778a
]]></system-out>
  </testcase>
  <testcase name="shouldExecuteCompensationOnStepFailure" classname="com.example.order.service.OrderServiceUnitTest" time="0.006">
    <error message="Cannot invoke &quot;org.reactivestreams.Publisher.subscribe(org.reactivestreams.Subscriber)&quot; because &quot;publisher&quot; is null" type="java.lang.NullPointerException"><![CDATA[java.lang.NullPointerException: Cannot invoke "org.reactivestreams.Publisher.subscribe(org.reactivestreams.Subscriber)" because "publisher" is null
	at reactor.test.DefaultStepVerifierBuilder$DefaultStepVerifier.toVerifierAndSubscribe(DefaultStepVerifierBuilder.java:891)
	at reactor.test.DefaultStepVerifierBuilder$DefaultStepVerifier.verify(DefaultStepVerifierBuilder.java:831)
	at reactor.test.DefaultStepVerifierBuilder$DefaultStepVerifier.verify(DefaultStepVerifierBuilder.java:823)
	at com.example.order.service.OrderServiceUnitTest.shouldExecuteCompensationOnStepFailure(OrderServiceUnitTest.java:189)
	at java.base/java.lang.reflect.Method.invoke(Method.java:580)
	at java.base/java.util.ArrayList.forEach(ArrayList.java:1596)
	at java.base/java.util.ArrayList.forEach(ArrayList.java:1596)
]]></error>
    <system-out><![CDATA[14:52:27.679 [main] INFO  c.e.order.service.OrderServiceImpl - Delegating execution of step reserveStock to SagaOrchestrator
]]></system-out>
  </testcase>
  <testcase name="shouldFailToProcessOrderWithInvalidInputs(Long, int, double, String)[1]" classname="com.example.order.service.OrderServiceUnitTest" time="0.008">
    <error message="Cannot invoke &quot;reactor.core.publisher.Mono.timeout(java.time.Duration)&quot; because the return value of &quot;com.example.order.service.SagaOrchestrator.executeOrderSaga(java.lang.Long, int, double, String)&quot; is null" type="java.lang.NullPointerException"><![CDATA[java.lang.NullPointerException: Cannot invoke "reactor.core.publisher.Mono.timeout(java.time.Duration)" because the return value of "com.example.order.service.SagaOrchestrator.executeOrderSaga(java.lang.Long, int, double, String)" is null
	at com.example.order.service.OrderServiceImpl.processOrder(OrderServiceImpl.java:43)
	at com.example.order.service.OrderServiceUnitTest.shouldFailToProcessOrderWithInvalidInputs(OrderServiceUnitTest.java:315)
	at java.base/java.lang.reflect.Method.invoke(Method.java:580)
	at java.base/java.util.stream.ForEachOps$ForEachOp$OfRef.accept(ForEachOps.java:184)
	at java.base/java.util.stream.ReferencePipeline$3$1.accept(ReferencePipeline.java:197)
	at java.base/java.util.stream.ReferencePipeline$2$1.accept(ReferencePipeline.java:179)
	at java.base/java.util.stream.ReferencePipeline$3$1.accept(ReferencePipeline.java:197)
	at java.base/java.util.stream.ForEachOps$ForEachOp$OfRef.accept(ForEachOps.java:184)
	at java.base/java.util.stream.ReferencePipeline$3$1.accept(ReferencePipeline.java:197)
	at java.base/java.util.stream.ForEachOps$ForEachOp$OfRef.accept(ForEachOps.java:184)
	at java.base/java.util.stream.ForEachOps$ForEachOp$OfRef.accept(ForEachOps.java:184)
	at java.base/java.util.stream.ReferencePipeline$3$1.accept(ReferencePipeline.java:197)
	at java.base/java.util.Spliterators$ArraySpliterator.forEachRemaining(Spliterators.java:1024)
	at java.base/java.util.stream.ReferencePipeline$Head.forEach(ReferencePipeline.java:762)
	at java.base/java.util.stream.ReferencePipeline$7$1.accept(ReferencePipeline.java:276)
	at java.base/java.util.stream.ReferencePipeline$3$1.accept(ReferencePipeline.java:197)
	at java.base/java.util.stream.ReferencePipeline$3$1.accept(ReferencePipeline.java:197)
	at java.base/java.util.stream.ReferencePipeline$3$1.accept(ReferencePipeline.java:197)
	at java.base/java.util.Spliterators$ArraySpliterator.forEachRemaining(Spliterators.java:1024)
	at java.base/java.util.stream.AbstractPipeline.copyInto(AbstractPipeline.java:509)
	at java.base/java.util.stream.AbstractPipeline.wrapAndCopyInto(AbstractPipeline.java:499)
	at java.base/java.util.stream.ForEachOps$ForEachOp.evaluateSequential(ForEachOps.java:151)
	at java.base/java.util.stream.ForEachOps$ForEachOp$OfRef.evaluateSequential(ForEachOps.java:174)
	at java.base/java.util.stream.AbstractPipeline.evaluate(AbstractPipeline.java:234)
	at java.base/java.util.stream.ReferencePipeline.forEach(ReferencePipeline.java:596)
	at java.base/java.util.stream.ReferencePipeline$7$1.accept(ReferencePipeline.java:276)
	at java.base/java.util.ArrayList$ArrayListSpliterator.forEachRemaining(ArrayList.java:1708)
	at java.base/java.util.stream.AbstractPipeline.copyInto(AbstractPipeline.java:509)
	at java.base/java.util.stream.AbstractPipeline.wrapAndCopyInto(AbstractPipeline.java:499)
	at java.base/java.util.stream.ForEachOps$ForEachOp.evaluateSequential(ForEachOps.java:151)
	at java.base/java.util.stream.ForEachOps$ForEachOp$OfRef.evaluateSequential(ForEachOps.java:174)
	at java.base/java.util.stream.AbstractPipeline.evaluate(AbstractPipeline.java:234)
	at java.base/java.util.stream.ReferencePipeline.forEach(ReferencePipeline.java:596)
	at java.base/java.util.stream.ReferencePipeline$7$1.accept(ReferencePipeline.java:276)
	at java.base/java.util.stream.ReferencePipeline$3$1.accept(ReferencePipeline.java:197)
	at java.base/java.util.stream.ReferencePipeline$3$1.accept(ReferencePipeline.java:197)
	at java.base/java.util.stream.ReferencePipeline$3$1.accept(ReferencePipeline.java:197)
	at java.base/java.util.ArrayList$ArrayListSpliterator.forEachRemaining(ArrayList.java:1708)
	at java.base/java.util.stream.AbstractPipeline.copyInto(AbstractPipeline.java:509)
	at java.base/java.util.stream.AbstractPipeline.wrapAndCopyInto(AbstractPipeline.java:499)
	at java.base/java.util.stream.ForEachOps$ForEachOp.evaluateSequential(ForEachOps.java:151)
	at java.base/java.util.stream.ForEachOps$ForEachOp$OfRef.evaluateSequential(ForEachOps.java:174)
	at java.base/java.util.stream.AbstractPipeline.evaluate(AbstractPipeline.java:234)
	at java.base/java.util.stream.ReferencePipeline.forEach(ReferencePipeline.java:596)
	at java.base/java.util.stream.ReferencePipeline$7$1.accept(ReferencePipeline.java:276)
	at java.base/java.util.ArrayList$ArrayListSpliterator.forEachRemaining(ArrayList.java:1708)
	at java.base/java.util.stream.AbstractPipeline.copyInto(AbstractPipeline.java:509)
	at java.base/java.util.stream.AbstractPipeline.wrapAndCopyInto(AbstractPipeline.java:499)
	at java.base/java.util.stream.ForEachOps$ForEachOp.evaluateSequential(ForEachOps.java:151)
	at java.base/java.util.stream.ForEachOps$ForEachOp$OfRef.evaluateSequential(ForEachOps.java:174)
	at java.base/java.util.stream.AbstractPipeline.evaluate(AbstractPipeline.java:234)
	at java.base/java.util.stream.ReferencePipeline.forEach(ReferencePipeline.java:596)
	at java.base/java.util.ArrayList.forEach(ArrayList.java:1596)
	at java.base/java.util.ArrayList.forEach(ArrayList.java:1596)
]]></error>
    <system-out><![CDATA[14:52:27.688 [main] INFO  c.e.order.service.OrderServiceImpl - Starting order 0 with correlationId b268000b-92b5-4745-bcbe-d1bf945b165d
]]></system-out>
  </testcase>
  <testcase name="shouldFailToProcessOrderWithInvalidInputs(Long, int, double, String)[2]" classname="com.example.order.service.OrderServiceUnitTest" time="0.006">
    <error message="Cannot invoke &quot;reactor.core.publisher.Mono.timeout(java.time.Duration)&quot; because the return value of &quot;com.example.order.service.SagaOrchestrator.executeOrderSaga(java.lang.Long, int, double, String)&quot; is null" type="java.lang.NullPointerException"><![CDATA[java.lang.NullPointerException: Cannot invoke "reactor.core.publisher.Mono.timeout(java.time.Duration)" because the return value of "com.example.order.service.SagaOrchestrator.executeOrderSaga(java.lang.Long, int, double, String)" is null
	at com.example.order.service.OrderServiceImpl.processOrder(OrderServiceImpl.java:43)
	at com.example.order.service.OrderServiceUnitTest.shouldFailToProcessOrderWithInvalidInputs(OrderServiceUnitTest.java:315)
	at java.base/java.lang.reflect.Method.invoke(Method.java:580)
	at java.base/java.util.stream.ForEachOps$ForEachOp$OfRef.accept(ForEachOps.java:184)
	at java.base/java.util.stream.ReferencePipeline$3$1.accept(ReferencePipeline.java:197)
	at java.base/java.util.stream.ReferencePipeline$2$1.accept(ReferencePipeline.java:179)
	at java.base/java.util.stream.ReferencePipeline$3$1.accept(ReferencePipeline.java:197)
	at java.base/java.util.stream.ForEachOps$ForEachOp$OfRef.accept(ForEachOps.java:184)
	at java.base/java.util.stream.ReferencePipeline$3$1.accept(ReferencePipeline.java:197)
	at java.base/java.util.stream.ForEachOps$ForEachOp$OfRef.accept(ForEachOps.java:184)
	at java.base/java.util.stream.ForEachOps$ForEachOp$OfRef.accept(ForEachOps.java:184)
	at java.base/java.util.stream.ReferencePipeline$3$1.accept(ReferencePipeline.java:197)
	at java.base/java.util.Spliterators$ArraySpliterator.forEachRemaining(Spliterators.java:1024)
	at java.base/java.util.stream.ReferencePipeline$Head.forEach(ReferencePipeline.java:762)
	at java.base/java.util.stream.ReferencePipeline$7$1.accept(ReferencePipeline.java:276)
	at java.base/java.util.stream.ReferencePipeline$3$1.accept(ReferencePipeline.java:197)
	at java.base/java.util.stream.ReferencePipeline$3$1.accept(ReferencePipeline.java:197)
	at java.base/java.util.stream.ReferencePipeline$3$1.accept(ReferencePipeline.java:197)
	at java.base/java.util.Spliterators$ArraySpliterator.forEachRemaining(Spliterators.java:1024)
	at java.base/java.util.stream.AbstractPipeline.copyInto(AbstractPipeline.java:509)
	at java.base/java.util.stream.AbstractPipeline.wrapAndCopyInto(AbstractPipeline.java:499)
	at java.base/java.util.stream.ForEachOps$ForEachOp.evaluateSequential(ForEachOps.java:151)
	at java.base/java.util.stream.ForEachOps$ForEachOp$OfRef.evaluateSequential(ForEachOps.java:174)
	at java.base/java.util.stream.AbstractPipeline.evaluate(AbstractPipeline.java:234)
	at java.base/java.util.stream.ReferencePipeline.forEach(ReferencePipeline.java:596)
	at java.base/java.util.stream.ReferencePipeline$7$1.accept(ReferencePipeline.java:276)
	at java.base/java.util.ArrayList$ArrayListSpliterator.forEachRemaining(ArrayList.java:1708)
	at java.base/java.util.stream.AbstractPipeline.copyInto(AbstractPipeline.java:509)
	at java.base/java.util.stream.AbstractPipeline.wrapAndCopyInto(AbstractPipeline.java:499)
	at java.base/java.util.stream.ForEachOps$ForEachOp.evaluateSequential(ForEachOps.java:151)
	at java.base/java.util.stream.ForEachOps$ForEachOp$OfRef.evaluateSequential(ForEachOps.java:174)
	at java.base/java.util.stream.AbstractPipeline.evaluate(AbstractPipeline.java:234)
	at java.base/java.util.stream.ReferencePipeline.forEach(ReferencePipeline.java:596)
	at java.base/java.util.stream.ReferencePipeline$7$1.accept(ReferencePipeline.java:276)
	at java.base/java.util.stream.ReferencePipeline$3$1.accept(ReferencePipeline.java:197)
	at java.base/java.util.stream.ReferencePipeline$3$1.accept(ReferencePipeline.java:197)
	at java.base/java.util.stream.ReferencePipeline$3$1.accept(ReferencePipeline.java:197)
	at java.base/java.util.ArrayList$ArrayListSpliterator.forEachRemaining(ArrayList.java:1708)
	at java.base/java.util.stream.AbstractPipeline.copyInto(AbstractPipeline.java:509)
	at java.base/java.util.stream.AbstractPipeline.wrapAndCopyInto(AbstractPipeline.java:499)
	at java.base/java.util.stream.ForEachOps$ForEachOp.evaluateSequential(ForEachOps.java:151)
	at java.base/java.util.stream.ForEachOps$ForEachOp$OfRef.evaluateSequential(ForEachOps.java:174)
	at java.base/java.util.stream.AbstractPipeline.evaluate(AbstractPipeline.java:234)
	at java.base/java.util.stream.ReferencePipeline.forEach(ReferencePipeline.java:596)
	at java.base/java.util.stream.ReferencePipeline$7$1.accept(ReferencePipeline.java:276)
	at java.base/java.util.ArrayList$ArrayListSpliterator.forEachRemaining(ArrayList.java:1708)
	at java.base/java.util.stream.AbstractPipeline.copyInto(AbstractPipeline.java:509)
	at java.base/java.util.stream.AbstractPipeline.wrapAndCopyInto(AbstractPipeline.java:499)
	at java.base/java.util.stream.ForEachOps$ForEachOp.evaluateSequential(ForEachOps.java:151)
	at java.base/java.util.stream.ForEachOps$ForEachOp$OfRef.evaluateSequential(ForEachOps.java:174)
	at java.base/java.util.stream.AbstractPipeline.evaluate(AbstractPipeline.java:234)
	at java.base/java.util.stream.ReferencePipeline.forEach(ReferencePipeline.java:596)
	at java.base/java.util.ArrayList.forEach(ArrayList.java:1596)
	at java.base/java.util.ArrayList.forEach(ArrayList.java:1596)
]]></error>
    <system-out><![CDATA[14:52:27.695 [main] INFO  c.e.order.service.OrderServiceImpl - Starting order 1 with correlationId 2e8b7424-1e22-4e82-bb32-d8122c0e1d0a
]]></system-out>
  </testcase>
  <testcase name="shouldFailToProcessOrderWithInvalidInputs(Long, int, double, String)[3]" classname="com.example.order.service.OrderServiceUnitTest" time="0.005">
    <error message="Cannot invoke &quot;reactor.core.publisher.Mono.timeout(java.time.Duration)&quot; because the return value of &quot;com.example.order.service.SagaOrchestrator.executeOrderSaga(java.lang.Long, int, double, String)&quot; is null" type="java.lang.NullPointerException"><![CDATA[java.lang.NullPointerException: Cannot invoke "reactor.core.publisher.Mono.timeout(java.time.Duration)" because the return value of "com.example.order.service.SagaOrchestrator.executeOrderSaga(java.lang.Long, int, double, String)" is null
	at com.example.order.service.OrderServiceImpl.processOrder(OrderServiceImpl.java:43)
	at com.example.order.service.OrderServiceUnitTest.shouldFailToProcessOrderWithInvalidInputs(OrderServiceUnitTest.java:315)
	at java.base/java.lang.reflect.Method.invoke(Method.java:580)
	at java.base/java.util.stream.ForEachOps$ForEachOp$OfRef.accept(ForEachOps.java:184)
	at java.base/java.util.stream.ReferencePipeline$3$1.accept(ReferencePipeline.java:197)
	at java.base/java.util.stream.ReferencePipeline$2$1.accept(ReferencePipeline.java:179)
	at java.base/java.util.stream.ReferencePipeline$3$1.accept(ReferencePipeline.java:197)
	at java.base/java.util.stream.ForEachOps$ForEachOp$OfRef.accept(ForEachOps.java:184)
	at java.base/java.util.stream.ReferencePipeline$3$1.accept(ReferencePipeline.java:197)
	at java.base/java.util.stream.ForEachOps$ForEachOp$OfRef.accept(ForEachOps.java:184)
	at java.base/java.util.stream.ForEachOps$ForEachOp$OfRef.accept(ForEachOps.java:184)
	at java.base/java.util.stream.ReferencePipeline$3$1.accept(ReferencePipeline.java:197)
	at java.base/java.util.Spliterators$ArraySpliterator.forEachRemaining(Spliterators.java:1024)
	at java.base/java.util.stream.ReferencePipeline$Head.forEach(ReferencePipeline.java:762)
	at java.base/java.util.stream.ReferencePipeline$7$1.accept(ReferencePipeline.java:276)
	at java.base/java.util.stream.ReferencePipeline$3$1.accept(ReferencePipeline.java:197)
	at java.base/java.util.stream.ReferencePipeline$3$1.accept(ReferencePipeline.java:197)
	at java.base/java.util.stream.ReferencePipeline$3$1.accept(ReferencePipeline.java:197)
	at java.base/java.util.Spliterators$ArraySpliterator.forEachRemaining(Spliterators.java:1024)
	at java.base/java.util.stream.AbstractPipeline.copyInto(AbstractPipeline.java:509)
	at java.base/java.util.stream.AbstractPipeline.wrapAndCopyInto(AbstractPipeline.java:499)
	at java.base/java.util.stream.ForEachOps$ForEachOp.evaluateSequential(ForEachOps.java:151)
	at java.base/java.util.stream.ForEachOps$ForEachOp$OfRef.evaluateSequential(ForEachOps.java:174)
	at java.base/java.util.stream.AbstractPipeline.evaluate(AbstractPipeline.java:234)
	at java.base/java.util.stream.ReferencePipeline.forEach(ReferencePipeline.java:596)
	at java.base/java.util.stream.ReferencePipeline$7$1.accept(ReferencePipeline.java:276)
	at java.base/java.util.ArrayList$ArrayListSpliterator.forEachRemaining(ArrayList.java:1708)
	at java.base/java.util.stream.AbstractPipeline.copyInto(AbstractPipeline.java:509)
	at java.base/java.util.stream.AbstractPipeline.wrapAndCopyInto(AbstractPipeline.java:499)
	at java.base/java.util.stream.ForEachOps$ForEachOp.evaluateSequential(ForEachOps.java:151)
	at java.base/java.util.stream.ForEachOps$ForEachOp$OfRef.evaluateSequential(ForEachOps.java:174)
	at java.base/java.util.stream.AbstractPipeline.evaluate(AbstractPipeline.java:234)
	at java.base/java.util.stream.ReferencePipeline.forEach(ReferencePipeline.java:596)
	at java.base/java.util.stream.ReferencePipeline$7$1.accept(ReferencePipeline.java:276)
	at java.base/java.util.stream.ReferencePipeline$3$1.accept(ReferencePipeline.java:197)
	at java.base/java.util.stream.ReferencePipeline$3$1.accept(ReferencePipeline.java:197)
	at java.base/java.util.stream.ReferencePipeline$3$1.accept(ReferencePipeline.java:197)
	at java.base/java.util.ArrayList$ArrayListSpliterator.forEachRemaining(ArrayList.java:1708)
	at java.base/java.util.stream.AbstractPipeline.copyInto(AbstractPipeline.java:509)
	at java.base/java.util.stream.AbstractPipeline.wrapAndCopyInto(AbstractPipeline.java:499)
	at java.base/java.util.stream.ForEachOps$ForEachOp.evaluateSequential(ForEachOps.java:151)
	at java.base/java.util.stream.ForEachOps$ForEachOp$OfRef.evaluateSequential(ForEachOps.java:174)
	at java.base/java.util.stream.AbstractPipeline.evaluate(AbstractPipeline.java:234)
	at java.base/java.util.stream.ReferencePipeline.forEach(ReferencePipeline.java:596)
	at java.base/java.util.stream.ReferencePipeline$7$1.accept(ReferencePipeline.java:276)
	at java.base/java.util.ArrayList$ArrayListSpliterator.forEachRemaining(ArrayList.java:1708)
	at java.base/java.util.stream.AbstractPipeline.copyInto(AbstractPipeline.java:509)
	at java.base/java.util.stream.AbstractPipeline.wrapAndCopyInto(AbstractPipeline.java:499)
	at java.base/java.util.stream.ForEachOps$ForEachOp.evaluateSequential(ForEachOps.java:151)
	at java.base/java.util.stream.ForEachOps$ForEachOp$OfRef.evaluateSequential(ForEachOps.java:174)
	at java.base/java.util.stream.AbstractPipeline.evaluate(AbstractPipeline.java:234)
	at java.base/java.util.stream.ReferencePipeline.forEach(ReferencePipeline.java:596)
	at java.base/java.util.ArrayList.forEach(ArrayList.java:1596)
	at java.base/java.util.ArrayList.forEach(ArrayList.java:1596)
]]></error>
    <system-out><![CDATA[14:52:27.701 [main] INFO  c.e.order.service.OrderServiceImpl - Starting order 1 with correlationId bf68488c-d43d-486c-94b5-13e829d58bca
]]></system-out>
  </testcase>
  <testcase name="shouldHandleRedisSuccessAfterRetries" classname="com.example.order.service.OrderServiceUnitTest" time="0.01">
    <error message="Cannot invoke &quot;org.reactivestreams.Publisher.subscribe(org.reactivestreams.Subscriber)&quot; because &quot;publisher&quot; is null" type="java.lang.NullPointerException"><![CDATA[java.lang.NullPointerException: Cannot invoke "org.reactivestreams.Publisher.subscribe(org.reactivestreams.Subscriber)" because "publisher" is null
	at reactor.test.DefaultStepVerifierBuilder$DefaultStepVerifier.toVerifierAndSubscribe(DefaultStepVerifierBuilder.java:891)
	at reactor.test.DefaultStepVerifierBuilder$DefaultStepVerifier.verify(DefaultStepVerifierBuilder.java:831)
	at reactor.test.DefaultStepVerifierBuilder$DefaultStepVerifier.verify(DefaultStepVerifierBuilder.java:823)
	at reactor.test.DefaultStepVerifierBuilder.verifyComplete(DefaultStepVerifierBuilder.java:690)
	at com.example.order.service.OrderServiceUnitTest.shouldHandleRedisSuccessAfterRetries(OrderServiceUnitTest.java:489)
	at java.base/java.lang.reflect.Method.invoke(Method.java:580)
	at java.base/java.util.ArrayList.forEach(ArrayList.java:1596)
	at java.base/java.util.ArrayList.forEach(ArrayList.java:1596)
]]></error>
    <system-out><![CDATA[14:52:27.712 [main] INFO  c.e.order.service.OrderServiceImpl - Publishing event: com.example.order.events.OrderCreatedEvent@238bee26
]]></system-out>
  </testcase>
  <testcase name="shouldPublishEventsDuringOrderProcessing" classname="com.example.order.service.OrderServiceUnitTest" time="0.005">
    <error message="&#10;Strict stubbing argument mismatch. Please check:&#10; - this invocation of &apos;executeOrderSaga&apos; method:&#10;    sagaOrchestrator.executeOrderSaga(&#10;    1L,&#10;    10,&#10;    100.0d,&#10;    &quot;fa7586c7-0963-4c30-8887-f076e793233a&quot;&#10;);&#10;    -&gt; at com.example.order.service.OrderServiceImpl.processOrder(OrderServiceImpl.java:42)&#10; - has following stubbing(s) with different arguments:&#10;    1. sagaOrchestrator.executeOrderSaga(&#10;    1L,&#10;    10,&#10;    100.0d,&#10;    &quot;7a80a655-600d-4421-9768-78887a5b9c9e&quot;&#10;);&#10;      -&gt; at com.example.order.service.OrderServiceUnitTest.shouldPublishEventsDuringOrderProcessing(OrderServiceUnitTest.java:228)&#10;Typically, stubbing argument mismatch indicates user mistake when writing tests.&#10;Mockito fails early so that you can debug potential problem easily.&#10;However, there are legit scenarios when this exception generates false negative signal:&#10;  - stubbing the same method multiple times using &apos;given().will()&apos; or &apos;when().then()&apos; API&#10;    Please use &apos;will().given()&apos; or &apos;doReturn().when()&apos; API for stubbing.&#10;  - stubbed method is intentionally invoked with different arguments by code under test&#10;    Please use default or &apos;silent&apos; JUnit Rule (equivalent of Strictness.LENIENT).&#10;For more information see javadoc for PotentialStubbingProblem class." type="org.mockito.exceptions.misusing.PotentialStubbingProblem"><![CDATA[org.mockito.exceptions.misusing.PotentialStubbingProblem: 

Strict stubbing argument mismatch. Please check:
 - this invocation of 'executeOrderSaga' method:
    sagaOrchestrator.executeOrderSaga(
    1L,
    10,
    100.0d,
    "fa7586c7-0963-4c30-8887-f076e793233a"
);
    -> at com.example.order.service.OrderServiceImpl.processOrder(OrderServiceImpl.java:42)
 - has following stubbing(s) with different arguments:
    1. sagaOrchestrator.executeOrderSaga(
    1L,
    10,
    100.0d,
    "7a80a655-600d-4421-9768-78887a5b9c9e"
);
      -> at com.example.order.service.OrderServiceUnitTest.shouldPublishEventsDuringOrderProcessing(OrderServiceUnitTest.java:228)
Typically, stubbing argument mismatch indicates user mistake when writing tests.
Mockito fails early so that you can debug potential problem easily.
However, there are legit scenarios when this exception generates false negative signal:
  - stubbing the same method multiple times using 'given().will()' or 'when().then()' API
    Please use 'will().given()' or 'doReturn().when()' API for stubbing.
  - stubbed method is intentionally invoked with different arguments by code under test
    Please use default or 'silent' JUnit Rule (equivalent of Strictness.LENIENT).
For more information see javadoc for PotentialStubbingProblem class.
	at com.example.order.service.SagaOrchestrator.executeOrderSaga(SagaOrchestrator.java:35)
	at com.example.order.service.OrderServiceImpl.processOrder(OrderServiceImpl.java:42)
	at com.example.order.service.OrderServiceUnitTest.shouldPublishEventsDuringOrderProcessing(OrderServiceUnitTest.java:231)
	at java.base/java.lang.reflect.Method.invoke(Method.java:580)
	at java.base/java.util.ArrayList.forEach(ArrayList.java:1596)
	at java.base/java.util.ArrayList.forEach(ArrayList.java:1596)
]]></error>
    <system-out><![CDATA[14:52:27.717 [main] INFO  c.e.order.service.OrderServiceImpl - Starting order 1 with correlationId fa7586c7-0963-4c30-8887-f076e793233a
]]></system-out>
  </testcase>
  <testcase name="shouldHandleMeterRegistryFailureDuringEventPublishing" classname="com.example.order.service.OrderServiceUnitTest" time="0.005">
    <error message="Cannot invoke &quot;org.reactivestreams.Publisher.subscribe(org.reactivestreams.Subscriber)&quot; because &quot;publisher&quot; is null" type="java.lang.NullPointerException"><![CDATA[java.lang.NullPointerException: Cannot invoke "org.reactivestreams.Publisher.subscribe(org.reactivestreams.Subscriber)" because "publisher" is null
	at reactor.test.DefaultStepVerifierBuilder$DefaultStepVerifier.toVerifierAndSubscribe(DefaultStepVerifierBuilder.java:891)
	at reactor.test.DefaultStepVerifierBuilder$DefaultStepVerifier.verify(DefaultStepVerifierBuilder.java:831)
	at reactor.test.DefaultStepVerifierBuilder$DefaultStepVerifier.verify(DefaultStepVerifierBuilder.java:823)
	at reactor.test.DefaultStepVerifierBuilder.verifyComplete(DefaultStepVerifierBuilder.java:690)
	at com.example.order.service.OrderServiceUnitTest.shouldHandleMeterRegistryFailureDuringEventPublishing(OrderServiceUnitTest.java:508)
	at java.base/java.lang.reflect.Method.invoke(Method.java:580)
	at java.base/java.util.ArrayList.forEach(ArrayList.java:1596)
	at java.base/java.util.ArrayList.forEach(ArrayList.java:1596)
]]></error>
    <system-out><![CDATA[14:52:27.723 [main] INFO  c.e.order.service.OrderServiceImpl - Publishing event: com.example.order.events.OrderCreatedEvent@de61005
]]></system-out>
  </testcase>
</testsuite>