<?xml version="1.0" encoding="UTF-8"?>
<testsuite xmlns:xsi="http://www.w3.org/2001/XMLSchema-instance" xsi:noNamespaceSchemaLocation="https://maven.apache.org/surefire/maven-surefire-plugin/xsd/surefire-test-report-3.0.xsd" version="3.0" name="com.example.order.service.RedisUnitTest" time="1.058" tests="3" errors="0" skipped="0" failures="0">
  <properties>
[...]
</properties>
  <testcase name="testPublishAndConsumeOrderEvents" classname="com.example.order.service.RedisUnitTest" time="0.045">
    <system-out><![CDATA[14:52:26.013 [main] INFO  tc.redis:7 - Creating container for image: redis:7
14:52:26.212 [main] INFO  tc.redis:7 - Container redis:7 is starting: 5c770be5e8f364ff2040c191727f76a8b6a914d4fddb21a75e35ee43e5587641
14:52:26.577 [main] INFO  tc.redis:7 - Container redis:7 started in PT0.564612S

  .   ____          _            __ _ _
 /\\ / ___'_ __ _ _(_)_ __  __ _ \ \ \ \
( ( )\___ | '_ | '_| | '_ \/ _` | \ \ \ \
 \\/  ___)| |_)| | | | | || (_| |  ) ) ) )
  '  |____| .__|_| |_|_| |_\__, | / / / /
 =========|_|==============|___/=/_/_/_/

 :: Spring Boot ::                (v3.4.4)

14:52:26.599 [main] INFO  c.e.order.service.RedisUnitTest - Starting RedisUnitTest using Java 21.0.6 with PID 18588 (started by aironman in /Users/aironman/git/distributed-order-system/order-service)
14:52:26.599 [main] INFO  c.e.order.service.RedisUnitTest - The following 1 profile is active: "test"
14:52:26.635 [main] INFO  c.e.order.service.RedisUnitTest - Started RedisUnitTest in 0.055 seconds (process running for 33.065)
]]></system-out>
  </testcase>
  <testcase name="testStreamOperationsWithMapTemplate" classname="com.example.order.service.RedisUnitTest" time="0.017">
    <system-out><![CDATA[
  .   ____          _            __ _ _
 /\\ / ___'_ __ _ _(_)_ __  __ _ \ \ \ \
( ( )\___ | '_ | '_| | '_ \/ _` | \ \ \ \
 \\/  ___)| |_)| | | | | || (_| |  ) ) ) )
  '  |____| .__|_| |_|_| |_\__, | / / / /
 =========|_|==============|___/=/_/_/_/

 :: Spring Boot ::                (v3.4.4)

14:52:26.703 [main] INFO  c.e.order.service.RedisUnitTest - Starting RedisUnitTest using Java 21.0.6 with PID 18588 (started by aironman in /Users/aironman/git/distributed-order-system/order-service)
14:52:26.703 [main] INFO  c.e.order.service.RedisUnitTest - The following 1 profile is active: "test"
14:52:26.730 [main] INFO  c.e.order.service.RedisUnitTest - Started RedisUnitTest in 0.048 seconds (process running for 33.16)
]]></system-out>
  </testcase>
  <testcase name="testWriteAndReadMap" classname="com.example.order.service.RedisUnitTest" time="0.061">
    <system-out><![CDATA[
  .   ____          _            __ _ _
 /\\ / ___'_ __ _ _(_)_ __  __ _ \ \ \ \
( ( )\___ | '_ | '_| | '_ \/ _` | \ \ \ \
 \\/  ___)| |_)| | | | | || (_| |  ) ) ) )
  '  |____| .__|_| |_|_| |_\__, | / / / /
 =========|_|==============|___/=/_/_/_/

 :: Spring Boot ::                (v3.4.4)

14:52:26.771 [main] INFO  c.e.order.service.RedisUnitTest - Starting RedisUnitTest using Java 21.0.6 with PID 18588 (started by aironman in /Users/aironman/git/distributed-order-system/order-service)
14:52:26.771 [main] INFO  c.e.order.service.RedisUnitTest - The following 1 profile is active: "test"
14:52:26.797 [main] INFO  c.e.order.service.RedisUnitTest - Started RedisUnitTest in 0.048 seconds (process running for 33.227)
]]></system-out>
  </testcase>
</testsuite>